1513289003522	geckodriver	INFO	geckodriver 0.18.0
1513289003531	geckodriver	INFO	Listening on 127.0.0.1:51271
1513289004620	geckodriver::marionette	INFO	Starting browser /Applications/Firefox.app/Contents/MacOS/firefox-bin with args ["-marionette"]
1513289005132	addons.xpi	WARN	Error parsing extensions state: [Exception... "Component returned failure code: 0x80520012 (NS_ERROR_FILE_NOT_FOUND) [amIAddonManagerStartup.readStartupData]"  nsresult: "0x80520012 (NS_ERROR_FILE_NOT_FOUND)"  location: "JS frame :: resource://gre/modules/addons/XPIProvider.jsm :: loadExtensionState :: line 1596"  data: no] Stack trace: loadExtensionState()@resource://gre/modules/addons/XPIProvider.jsm:1596 < getInstallState()@resource://gre/modules/addons/XPIProvider.jsm:1631 < checkForChanges()@resource://gre/modules/addons/XPIProvider.jsm:3152 < startup()@resource://gre/modules/addons/XPIProvider.jsm:2246 < callProvider()@resource://gre/modules/AddonManager.jsm:271 < _startProvider()@resource://gre/modules/AddonManager.jsm:741 < startup()@resource://gre/modules/AddonManager.jsm:908 < startup()@resource://gre/modules/AddonManager.jsm:3122 < observe()@jar:file:///Applications/Firefox.app/Contents/Resources/omni.ja!/components/addonManager.js:65
1513289005475	Marionette	INFO	Enabled via --marionette
2017-12-15 00:03:27.430 plugin-container[1077:51340] *** CFMessagePort: bootstrap_register(): failed 1100 (0x44c) 'Permission denied', port = 0x773b, name = 'com.apple.tsm.portname'
See /usr/include/servers/bootstrap_defs.h for the error codes.
1513289008181	Marionette	INFO	Listening on port 51284
JavaScript error: chrome://marionette/content/server.js, line 337: NS_ERROR_SOCKET_ADDRESS_IN_USE: Component returned failure code: 0x804b0036 (NS_ERROR_SOCKET_ADDRESS_IN_USE) [nsIServerSocket.initSpecialConnection]
1513289008592	Marionette	WARN	TLS certificate errors will be ignored for this session
1513289008649	Marionette	DEBUG	loaded listener.js
1513289009085	Marionette	DEBUG	Received DOM event "beforeunload" for "about:blank"
1513289009893	Marionette	DEBUG	Received DOM event "pagehide" for "about:blank"
1513289009893	Marionette	DEBUG	Received DOM event "unload" for "about:blank"
1513289010764	Marionette	DEBUG	Received DOM event "DOMContentLoaded" for "https://letskodeit.teachable.com/p/practice"
1513289011874	Marionette	DEBUG	Received DOM event "DOMContentLoaded" for "https://letskodeit.teachable.com/courses"
1513289012302	Marionette	DEBUG	Received DOM event "DOMContentLoaded" for "https://dialog.filestackapi.com/dialog/comm_iframe/"
1513289012310	Marionette	DEBUG	Received DOM event "pageshow" for "https://dialog.filestackapi.com/dialog/comm_iframe/"
1513289012312	Marionette	DEBUG	Received DOM event "DOMContentLoaded" for "https://www.filestackapi.com/dialog/comm_iframe/"
1513289012313	Marionette	DEBUG	Received DOM event "pageshow" for "https://www.filestackapi.com/dialog/comm_iframe/"
1513289012315	Marionette	DEBUG	Received DOM event "DOMContentLoaded" for "https://dialog.filestackapi.com/dialog/comm_iframe/"
1513289012317	Marionette	DEBUG	Received DOM event "pageshow" for "https://dialog.filestackapi.com/dialog/comm_iframe/"
1513289012317	Marionette	DEBUG	Received DOM event "DOMContentLoaded" for "https://www.filestackapi.com/dialog/comm_iframe/"
1513289012318	Marionette	DEBUG	Received DOM event "pageshow" for "https://www.filestackapi.com/dialog/comm_iframe/"
1513289012372	Marionette	DEBUG	Received DOM event "pageshow" for "https://letskodeit.teachable.com/courses"
1513289012431	Marionette	DEBUG	Received DOM event "DOMContentLoaded" for "https://fast.wistia.com/embed/iframe_shim?domain=com"
1513289012432	Marionette	DEBUG	Received DOM event "pageshow" for "https://fast.wistia.com/embed/iframe_shim?domain=com"
1513289012482	Marionette	DEBUG	Received DOM event "DOMContentLoaded" for "https://fast.wistia.com/embed/iframe_shim?domain=com"
1513289012483	Marionette	DEBUG	Received DOM event "pageshow" for "https://fast.wistia.com/embed/iframe_shim?domain=com"
1513289012518	Marionette	DEBUG	Received DOM event "pageshow" for "https://letskodeit.teachable.com/p/practice"
1513289069974	geckodriver	INFO	geckodriver 0.18.0
1513289069980	geckodriver	INFO	Listening on 127.0.0.1:51641
1513289071061	geckodriver::marionette	INFO	Starting browser /Applications/Firefox.app/Contents/MacOS/firefox-bin with args ["-marionette"]
1513289071359	addons.xpi	WARN	Error parsing extensions state: [Exception... "Component returned failure code: 0x80520012 (NS_ERROR_FILE_NOT_FOUND) [amIAddonManagerStartup.readStartupData]"  nsresult: "0x80520012 (NS_ERROR_FILE_NOT_FOUND)"  location: "JS frame :: resource://gre/modules/addons/XPIProvider.jsm :: loadExtensionState :: line 1596"  data: no] Stack trace: loadExtensionState()@resource://gre/modules/addons/XPIProvider.jsm:1596 < getInstallState()@resource://gre/modules/addons/XPIProvider.jsm:1631 < checkForChanges()@resource://gre/modules/addons/XPIProvider.jsm:3152 < startup()@resource://gre/modules/addons/XPIProvider.jsm:2246 < callProvider()@resource://gre/modules/AddonManager.jsm:271 < _startProvider()@resource://gre/modules/AddonManager.jsm:741 < startup()@resource://gre/modules/AddonManager.jsm:908 < startup()@resource://gre/modules/AddonManager.jsm:3122 < observe()@jar:file:///Applications/Firefox.app/Contents/Resources/omni.ja!/components/addonManager.js:65
1513289071708	Marionette	INFO	Enabled via --marionette
2017-12-15 00:04:32.793 plugin-container[1090:52248] *** CFMessagePort: bootstrap_register(): failed 1100 (0x44c) 'Permission denied', port = 0x7a37, name = 'com.apple.tsm.portname'
See /usr/include/servers/bootstrap_defs.h for the error codes.
1513289073145	Marionette	INFO	Listening on port 51654
JavaScript error: chrome://marionette/content/server.js, line 337: NS_ERROR_SOCKET_ADDRESS_IN_USE: Component returned failure code: 0x804b0036 (NS_ERROR_SOCKET_ADDRESS_IN_USE) [nsIServerSocket.initSpecialConnection]
1513289073250	Marionette	WARN	TLS certificate errors will be ignored for this session
1513289073285	Marionette	DEBUG	loaded listener.js
1513289073744	Marionette	DEBUG	Received DOM event "beforeunload" for "about:blank"
1513289074614	Marionette	DEBUG	Received DOM event "pagehide" for "about:blank"
1513289074614	Marionette	DEBUG	Received DOM event "unload" for "about:blank"
1513289075372	Marionette	DEBUG	Received DOM event "DOMContentLoaded" for "https://letskodeit.teachable.com/p/practice"
1513289076578	Marionette	DEBUG	Received DOM event "DOMContentLoaded" for "https://letskodeit.teachable.com/courses"
1513289077034	Marionette	DEBUG	Received DOM event "DOMContentLoaded" for "https://dialog.filestackapi.com/dialog/comm_iframe/"
1513289077038	Marionette	DEBUG	Received DOM event "pageshow" for "https://dialog.filestackapi.com/dialog/comm_iframe/"
1513289077038	Marionette	DEBUG	Received DOM event "DOMContentLoaded" for "https://www.filestackapi.com/dialog/comm_iframe/"
1513289077042	Marionette	DEBUG	Received DOM event "pageshow" for "https://www.filestackapi.com/dialog/comm_iframe/"
1513289077047	Marionette	DEBUG	Received DOM event "DOMContentLoaded" for "https://dialog.filestackapi.com/dialog/comm_iframe/"
1513289077049	Marionette	DEBUG	Received DOM event "pageshow" for "https://dialog.filestackapi.com/dialog/comm_iframe/"
1513289077049	Marionette	DEBUG	Received DOM event "DOMContentLoaded" for "https://www.filestackapi.com/dialog/comm_iframe/"
1513289077051	Marionette	DEBUG	Received DOM event "pageshow" for "https://www.filestackapi.com/dialog/comm_iframe/"
1513289077272	Marionette	DEBUG	Received DOM event "pageshow" for "https://letskodeit.teachable.com/courses"
1513289077293	Marionette	DEBUG	Received DOM event "pageshow" for "https://letskodeit.teachable.com/p/practice"
1513289080501	Marionette	INFO	New connections will no longer be accepted
JavaScript error: resource://shield-recipe-client/lib/EventEmitter.jsm, line 30: TypeError: log is undefined
JavaScript error: resource://shield-recipe-client/lib/EventEmitter.jsm, line 30: TypeError: log is undefined
1513512113604	geckodriver	INFO	geckodriver 0.18.0
1513512113610	geckodriver	INFO	Listening on 127.0.0.1:62211
1513512114720	geckodriver::marionette	INFO	Starting browser /Applications/Firefox.app/Contents/MacOS/firefox-bin with args ["-marionette"]
1513512115081	addons.xpi	WARN	Error parsing extensions state: [Exception... "Component returned failure code: 0x80520012 (NS_ERROR_FILE_NOT_FOUND) [amIAddonManagerStartup.readStartupData]"  nsresult: "0x80520012 (NS_ERROR_FILE_NOT_FOUND)"  location: "JS frame :: resource://gre/modules/addons/XPIProvider.jsm :: loadExtensionState :: line 1596"  data: no] Stack trace: loadExtensionState()@resource://gre/modules/addons/XPIProvider.jsm:1596 < getInstallState()@resource://gre/modules/addons/XPIProvider.jsm:1631 < checkForChanges()@resource://gre/modules/addons/XPIProvider.jsm:3152 < startup()@resource://gre/modules/addons/XPIProvider.jsm:2246 < callProvider()@resource://gre/modules/AddonManager.jsm:271 < _startProvider()@resource://gre/modules/AddonManager.jsm:741 < startup()@resource://gre/modules/AddonManager.jsm:908 < startup()@resource://gre/modules/AddonManager.jsm:3122 < observe()@jar:file:///Applications/Firefox.app/Contents/Resources/omni.ja!/components/addonManager.js:65
1513512115440	Marionette	INFO	Enabled via --marionette
2017-12-17 14:01:56.680 plugin-container[4012:536573] *** CFMessagePort: bootstrap_register(): failed 1100 (0x44c) 'Permission denied', port = 0x8127, name = 'com.apple.tsm.portname'
See /usr/include/servers/bootstrap_defs.h for the error codes.
1513512117083	Marionette	INFO	Listening on port 62224
JavaScript error: chrome://marionette/content/server.js, line 337: NS_ERROR_SOCKET_ADDRESS_IN_USE: Component returned failure code: 0x804b0036 (NS_ERROR_SOCKET_ADDRESS_IN_USE) [nsIServerSocket.initSpecialConnection]
1513512117147	Marionette	WARN	TLS certificate errors will be ignored for this session
1513512117180	Marionette	DEBUG	loaded listener.js
1513512117252	Marionette	DEBUG	Received DOM event "beforeunload" for "about:blank"
1513512118053	Marionette	DEBUG	Received DOM event "pagehide" for "about:blank"
1513512118053	Marionette	DEBUG	Received DOM event "unload" for "about:blank"
1513512119166	Marionette	DEBUG	Received DOM event "DOMContentLoaded" for "https://letskodeit.teachable.com/p/practice"
1513512120203	Marionette	DEBUG	Received DOM event "DOMContentLoaded" for "https://letskodeit.teachable.com/courses"
1513512120525	Marionette	DEBUG	Received DOM event "DOMContentLoaded" for "https://www.filestackapi.com/dialog/comm_iframe/"
1513512120528	Marionette	DEBUG	Received DOM event "pageshow" for "https://www.filestackapi.com/dialog/comm_iframe/"
1513512120529	Marionette	DEBUG	Received DOM event "DOMContentLoaded" for "https://dialog.filestackapi.com/dialog/comm_iframe/"
1513512120530	Marionette	DEBUG	Received DOM event "pageshow" for "https://dialog.filestackapi.com/dialog/comm_iframe/"
1513512120545	Marionette	DEBUG	Received DOM event "DOMContentLoaded" for "https://dialog.filestackapi.com/dialog/comm_iframe/"
1513512120547	Marionette	DEBUG	Received DOM event "pageshow" for "https://dialog.filestackapi.com/dialog/comm_iframe/"
1513512120547	Marionette	DEBUG	Received DOM event "DOMContentLoaded" for "https://www.filestackapi.com/dialog/comm_iframe/"
1513512120548	Marionette	DEBUG	Received DOM event "pageshow" for "https://www.filestackapi.com/dialog/comm_iframe/"
1513512120837	Marionette	DEBUG	Received DOM event "pageshow" for "https://letskodeit.teachable.com/courses"
1513512120893	Marionette	DEBUG	Received DOM event "pageshow" for "https://letskodeit.teachable.com/p/practice"
1513512124095	Marionette	INFO	New connections will no longer be accepted
JavaScript error: resource://shield-recipe-client/lib/EventEmitter.jsm, line 30: TypeError: log is undefined
JavaScript error: resource://shield-recipe-client/lib/EventEmitter.jsm, line 30: TypeError: log is undefined
1513513126167	geckodriver	INFO	geckodriver 0.18.0
1513513126174	geckodriver	INFO	Listening on 127.0.0.1:64676
1513513127252	geckodriver::marionette	INFO	Starting browser /Applications/Firefox.app/Contents/MacOS/firefox-bin with args ["-marionette"]
1513513127496	addons.xpi	WARN	Error parsing extensions state: [Exception... "Component returned failure code: 0x80520012 (NS_ERROR_FILE_NOT_FOUND) [amIAddonManagerStartup.readStartupData]"  nsresult: "0x80520012 (NS_ERROR_FILE_NOT_FOUND)"  location: "JS frame :: resource://gre/modules/addons/XPIProvider.jsm :: loadExtensionState :: line 1596"  data: no] Stack trace: loadExtensionState()@resource://gre/modules/addons/XPIProvider.jsm:1596 < getInstallState()@resource://gre/modules/addons/XPIProvider.jsm:1631 < checkForChanges()@resource://gre/modules/addons/XPIProvider.jsm:3152 < startup()@resource://gre/modules/addons/XPIProvider.jsm:2246 < callProvider()@resource://gre/modules/AddonManager.jsm:271 < _startProvider()@resource://gre/modules/AddonManager.jsm:741 < startup()@resource://gre/modules/AddonManager.jsm:908 < startup()@resource://gre/modules/AddonManager.jsm:3122 < observe()@jar:file:///Applications/Firefox.app/Contents/Resources/omni.ja!/components/addonManager.js:65
1513513127799	Marionette	INFO	Enabled via --marionette
2017-12-17 14:18:48.840 plugin-container[4086:548721] *** CFMessagePort: bootstrap_register(): failed 1100 (0x44c) 'Permission denied', port = 0x8337, name = 'com.apple.tsm.portname'
See /usr/include/servers/bootstrap_defs.h for the error codes.
1513513129129	Marionette	INFO	Listening on port 64689
JavaScript error: chrome://marionette/content/server.js, line 337: NS_ERROR_SOCKET_ADDRESS_IN_USE: Component returned failure code: 0x804b0036 (NS_ERROR_SOCKET_ADDRESS_IN_USE) [nsIServerSocket.initSpecialConnection]
1513513129237	Marionette	WARN	TLS certificate errors will be ignored for this session
1513513129272	Marionette	DEBUG	loaded listener.js
1513513129358	Marionette	DEBUG	Received DOM event "beforeunload" for "about:blank"
1513513130139	Marionette	DEBUG	Received DOM event "pagehide" for "about:blank"
1513513130139	Marionette	DEBUG	Received DOM event "unload" for "about:blank"
1513513131044	Marionette	DEBUG	Received DOM event "DOMContentLoaded" for "https://letskodeit.teachable.com/p/practice"
1513513132106	Marionette	DEBUG	Received DOM event "DOMContentLoaded" for "https://dialog.filestackapi.com/dialog/comm_iframe/"
1513513132108	Marionette	DEBUG	Received DOM event "pageshow" for "https://dialog.filestackapi.com/dialog/comm_iframe/"
1513513132109	Marionette	DEBUG	Received DOM event "DOMContentLoaded" for "https://www.filestackapi.com/dialog/comm_iframe/"
1513513132110	Marionette	DEBUG	Received DOM event "pageshow" for "https://www.filestackapi.com/dialog/comm_iframe/"
1513513132404	Marionette	DEBUG	Received DOM event "DOMContentLoaded" for "https://letskodeit.teachable.com/courses"
1513513132579	Marionette	DEBUG	Received DOM event "DOMContentLoaded" for "https://dialog.filestackapi.com/dialog/comm_iframe/"
1513513132581	Marionette	DEBUG	Received DOM event "pageshow" for "https://dialog.filestackapi.com/dialog/comm_iframe/"
1513513132582	Marionette	DEBUG	Received DOM event "DOMContentLoaded" for "https://www.filestackapi.com/dialog/comm_iframe/"
1513513132584	Marionette	DEBUG	Received DOM event "pageshow" for "https://www.filestackapi.com/dialog/comm_iframe/"
1513513132722	Marionette	DEBUG	Received DOM event "pageshow" for "https://letskodeit.teachable.com/courses"
1513513132736	Marionette	DEBUG	Received DOM event "pageshow" for "https://letskodeit.teachable.com/p/practice"
1513513135849	Marionette	INFO	New connections will no longer be accepted
JavaScript error: resource://shield-recipe-client/lib/EventEmitter.jsm, line 30: TypeError: log is undefined
JavaScript error: resource://shield-recipe-client/lib/EventEmitter.jsm, line 30: TypeError: log is undefined
1513514569132	geckodriver	INFO	geckodriver 0.18.0
1513514569138	geckodriver	INFO	Listening on 127.0.0.1:50109
1513514570218	geckodriver::marionette	INFO	Starting browser /Applications/Firefox.app/Contents/MacOS/firefox-bin with args ["-marionette"]
1513514570469	addons.xpi	WARN	Error parsing extensions state: [Exception... "Component returned failure code: 0x80520012 (NS_ERROR_FILE_NOT_FOUND) [amIAddonManagerStartup.readStartupData]"  nsresult: "0x80520012 (NS_ERROR_FILE_NOT_FOUND)"  location: "JS frame :: resource://gre/modules/addons/XPIProvider.jsm :: loadExtensionState :: line 1596"  data: no] Stack trace: loadExtensionState()@resource://gre/modules/addons/XPIProvider.jsm:1596 < getInstallState()@resource://gre/modules/addons/XPIProvider.jsm:1631 < checkForChanges()@resource://gre/modules/addons/XPIProvider.jsm:3152 < startup()@resource://gre/modules/addons/XPIProvider.jsm:2246 < callProvider()@resource://gre/modules/AddonManager.jsm:271 < _startProvider()@resource://gre/modules/AddonManager.jsm:741 < startup()@resource://gre/modules/AddonManager.jsm:908 < startup()@resource://gre/modules/AddonManager.jsm:3122 < observe()@jar:file:///Applications/Firefox.app/Contents/Resources/omni.ja!/components/addonManager.js:65
1513514570794	Marionette	INFO	Enabled via --marionette
2017-12-17 14:42:51.854 plugin-container[4139:556000] *** CFMessagePort: bootstrap_register(): failed 1100 (0x44c) 'Permission denied', port = 0x7437, name = 'com.apple.tsm.portname'
See /usr/include/servers/bootstrap_defs.h for the error codes.
1513514572217	Marionette	INFO	Listening on port 50122
JavaScript error: chrome://marionette/content/server.js, line 337: NS_ERROR_SOCKET_ADDRESS_IN_USE: Component returned failure code: 0x804b0036 (NS_ERROR_SOCKET_ADDRESS_IN_USE) [nsIServerSocket.initSpecialConnection]
1513514572318	Marionette	WARN	TLS certificate errors will be ignored for this session
1513514572353	Marionette	DEBUG	loaded listener.js
1513514572450	Marionette	DEBUG	Received DOM event "beforeunload" for "about:blank"
1513514573217	Marionette	DEBUG	Received DOM event "pagehide" for "about:blank"
1513514573217	Marionette	DEBUG	Received DOM event "unload" for "about:blank"
1513514573960	Marionette	DEBUG	Received DOM event "DOMContentLoaded" for "https://letskodeit.teachable.com/p/practice"
1513514575045	Marionette	DEBUG	Received DOM event "DOMContentLoaded" for "https://letskodeit.teachable.com/courses"
1513514575414	Marionette	DEBUG	Received DOM event "DOMContentLoaded" for "https://dialog.filestackapi.com/dialog/comm_iframe/"
1513514575418	Marionette	DEBUG	Received DOM event "pageshow" for "https://dialog.filestackapi.com/dialog/comm_iframe/"
1513514575511	Marionette	DEBUG	Received DOM event "DOMContentLoaded" for "https://www.filestackapi.com/dialog/comm_iframe/"
1513514575512	Marionette	DEBUG	Received DOM event "pageshow" for "https://www.filestackapi.com/dialog/comm_iframe/"
1513514575523	Marionette	DEBUG	Received DOM event "DOMContentLoaded" for "https://dialog.filestackapi.com/dialog/comm_iframe/"
1513514575524	Marionette	DEBUG	Received DOM event "pageshow" for "https://dialog.filestackapi.com/dialog/comm_iframe/"
1513514575524	Marionette	DEBUG	Received DOM event "DOMContentLoaded" for "https://www.filestackapi.com/dialog/comm_iframe/"
1513514575525	Marionette	DEBUG	Received DOM event "pageshow" for "https://www.filestackapi.com/dialog/comm_iframe/"
1513514576337	Marionette	DEBUG	Received DOM event "pageshow" for "https://letskodeit.teachable.com/courses"
1513514576358	Marionette	DEBUG	Received DOM event "pageshow" for "https://letskodeit.teachable.com/p/practice"
1513514579517	Marionette	INFO	New connections will no longer be accepted
JavaScript error: resource://shield-recipe-client/lib/EventEmitter.jsm, line 30: TypeError: log is undefined
JavaScript error: resource://shield-recipe-client/lib/EventEmitter.jsm, line 30: TypeError: log is undefined
1513514589032	geckodriver	INFO	geckodriver 0.18.0
1513514589037	geckodriver	INFO	Listening on 127.0.0.1:50283
1513514590127	geckodriver::marionette	INFO	Starting browser /Applications/Firefox.app/Contents/MacOS/firefox-bin with args ["-marionette"]
1513514590396	addons.xpi	WARN	Error parsing extensions state: [Exception... "Component returned failure code: 0x80520012 (NS_ERROR_FILE_NOT_FOUND) [amIAddonManagerStartup.readStartupData]"  nsresult: "0x80520012 (NS_ERROR_FILE_NOT_FOUND)"  location: "JS frame :: resource://gre/modules/addons/XPIProvider.jsm :: loadExtensionState :: line 1596"  data: no] Stack trace: loadExtensionState()@resource://gre/modules/addons/XPIProvider.jsm:1596 < getInstallState()@resource://gre/modules/addons/XPIProvider.jsm:1631 < checkForChanges()@resource://gre/modules/addons/XPIProvider.jsm:3152 < startup()@resource://gre/modules/addons/XPIProvider.jsm:2246 < callProvider()@resource://gre/modules/AddonManager.jsm:271 < _startProvider()@resource://gre/modules/AddonManager.jsm:741 < startup()@resource://gre/modules/AddonManager.jsm:908 < startup()@resource://gre/modules/AddonManager.jsm:3122 < observe()@jar:file:///Applications/Firefox.app/Contents/Resources/omni.ja!/components/addonManager.js:65
1513514590709	Marionette	INFO	Enabled via --marionette
2017-12-17 14:43:11.806 plugin-container[4146:556874] *** CFMessagePort: bootstrap_register(): failed 1100 (0x44c) 'Permission denied', port = 0x7b37, name = 'com.apple.tsm.portname'
See /usr/include/servers/bootstrap_defs.h for the error codes.
1513514592099	Marionette	INFO	Listening on port 50296
1513514592119	Marionette	WARN	TLS certificate errors will be ignored for this session
JavaScript error: chrome://marionette/content/server.js, line 337: NS_ERROR_SOCKET_ADDRESS_IN_USE: Component returned failure code: 0x804b0036 (NS_ERROR_SOCKET_ADDRESS_IN_USE) [nsIServerSocket.initSpecialConnection]
1513514592152	Marionette	DEBUG	loaded listener.js
1513514592221	Marionette	DEBUG	Received DOM event "beforeunload" for "about:blank"
1513514592900	Marionette	DEBUG	Received DOM event "pagehide" for "about:blank"
1513514592900	Marionette	DEBUG	Received DOM event "unload" for "about:blank"
1513514593674	Marionette	DEBUG	Received DOM event "DOMContentLoaded" for "https://letskodeit.teachable.com/p/practice"
1513514594625	Marionette	DEBUG	Received DOM event "DOMContentLoaded" for "https://dialog.filestackapi.com/dialog/comm_iframe/"
1513514594628	Marionette	DEBUG	Received DOM event "pageshow" for "https://dialog.filestackapi.com/dialog/comm_iframe/"
1513514594628	Marionette	DEBUG	Received DOM event "DOMContentLoaded" for "https://www.filestackapi.com/dialog/comm_iframe/"
1513514594630	Marionette	DEBUG	Received DOM event "pageshow" for "https://www.filestackapi.com/dialog/comm_iframe/"
1513514595109	Marionette	DEBUG	Received DOM event "DOMContentLoaded" for "https://letskodeit.teachable.com/courses"
1513514595293	Marionette	DEBUG	Received DOM event "DOMContentLoaded" for "https://dialog.filestackapi.com/dialog/comm_iframe/"
1513514595296	Marionette	DEBUG	Received DOM event "pageshow" for "https://dialog.filestackapi.com/dialog/comm_iframe/"
1513514595299	Marionette	DEBUG	Received DOM event "DOMContentLoaded" for "https://www.filestackapi.com/dialog/comm_iframe/"
1513514595300	Marionette	DEBUG	Received DOM event "pageshow" for "https://www.filestackapi.com/dialog/comm_iframe/"
1513514596831	Marionette	DEBUG	Received DOM event "pageshow" for "https://letskodeit.teachable.com/courses"
1513514596844	Marionette	DEBUG	Received DOM event "pageshow" for "https://letskodeit.teachable.com/p/practice"
1513514599966	Marionette	INFO	New connections will no longer be accepted
JavaScript error: resource://shield-recipe-client/lib/EventEmitter.jsm, line 30: TypeError: log is undefined
JavaScript error: resource://shield-recipe-client/lib/EventEmitter.jsm, line 30: TypeError: log is undefined
1513520342009	geckodriver	INFO	geckodriver 0.18.0
1513520342019	geckodriver	INFO	Listening on 127.0.0.1:52137
1513520343112	geckodriver::marionette	INFO	Starting browser /Applications/Firefox.app/Contents/MacOS/firefox-bin with args ["-marionette"]
1513520343398	addons.xpi	WARN	Error parsing extensions state: [Exception... "Component returned failure code: 0x80520012 (NS_ERROR_FILE_NOT_FOUND) [amIAddonManagerStartup.readStartupData]"  nsresult: "0x80520012 (NS_ERROR_FILE_NOT_FOUND)"  location: "JS frame :: resource://gre/modules/addons/XPIProvider.jsm :: loadExtensionState :: line 1596"  data: no] Stack trace: loadExtensionState()@resource://gre/modules/addons/XPIProvider.jsm:1596 < getInstallState()@resource://gre/modules/addons/XPIProvider.jsm:1631 < checkForChanges()@resource://gre/modules/addons/XPIProvider.jsm:3152 < startup()@resource://gre/modules/addons/XPIProvider.jsm:2246 < callProvider()@resource://gre/modules/AddonManager.jsm:271 < _startProvider()@resource://gre/modules/AddonManager.jsm:741 < startup()@resource://gre/modules/AddonManager.jsm:908 < startup()@resource://gre/modules/AddonManager.jsm:3122 < observe()@jar:file:///Applications/Firefox.app/Contents/Resources/omni.ja!/components/addonManager.js:65
1513520343724	Marionette	INFO	Enabled via --marionette
2017-12-17 16:19:04.935 plugin-container[4643:627620] *** CFMessagePort: bootstrap_register(): failed 1100 (0x44c) 'Permission denied', port = 0x7e3b, name = 'com.apple.tsm.portname'
See /usr/include/servers/bootstrap_defs.h for the error codes.
1513520345285	Marionette	INFO	Listening on port 52150
JavaScript error: chrome://marionette/content/server.js, line 337: NS_ERROR_SOCKET_ADDRESS_IN_USE: Component returned failure code: 0x804b0036 (NS_ERROR_SOCKET_ADDRESS_IN_USE) [nsIServerSocket.initSpecialConnection]
1513520345320	Marionette	WARN	TLS certificate errors will be ignored for this session
1513520345355	Marionette	DEBUG	loaded listener.js
1513520345372	Marionette	DEBUG	Received DOM event "beforeunload" for "about:blank"
1513520346201	Marionette	DEBUG	Received DOM event "pagehide" for "about:blank"
1513520346201	Marionette	DEBUG	Received DOM event "unload" for "about:blank"
1513520347031	Marionette	DEBUG	Received DOM event "DOMContentLoaded" for "https://letskodeit.teachable.com/p/practice"
1513520348305	Marionette	DEBUG	Received DOM event "DOMContentLoaded" for "https://letskodeit.teachable.com/courses"
1513520348623	Marionette	DEBUG	Received DOM event "DOMContentLoaded" for "https://www.filestackapi.com/dialog/comm_iframe/"
1513520348627	Marionette	DEBUG	Received DOM event "pageshow" for "https://www.filestackapi.com/dialog/comm_iframe/"
1513520348627	Marionette	DEBUG	Received DOM event "DOMContentLoaded" for "https://dialog.filestackapi.com/dialog/comm_iframe/"
1513520348629	Marionette	DEBUG	Received DOM event "pageshow" for "https://dialog.filestackapi.com/dialog/comm_iframe/"
1513520348645	Marionette	DEBUG	Received DOM event "DOMContentLoaded" for "https://dialog.filestackapi.com/dialog/comm_iframe/"
1513520348647	Marionette	DEBUG	Received DOM event "pageshow" for "https://dialog.filestackapi.com/dialog/comm_iframe/"
1513520348648	Marionette	DEBUG	Received DOM event "DOMContentLoaded" for "https://www.filestackapi.com/dialog/comm_iframe/"
1513520348651	Marionette	DEBUG	Received DOM event "pageshow" for "https://www.filestackapi.com/dialog/comm_iframe/"
1513520348711	Marionette	DEBUG	Received DOM event "pageshow" for "https://letskodeit.teachable.com/courses"
1513520348776	Marionette	DEBUG	Received DOM event "DOMContentLoaded" for "https://fast.wistia.com/embed/iframe_shim?domain=com"
1513520348778	Marionette	DEBUG	Received DOM event "pageshow" for "https://fast.wistia.com/embed/iframe_shim?domain=com"
1513520348809	Marionette	DEBUG	Received DOM event "DOMContentLoaded" for "https://fast.wistia.com/embed/iframe_shim?domain=com"
1513520348811	Marionette	DEBUG	Received DOM event "pageshow" for "https://fast.wistia.com/embed/iframe_shim?domain=com"
1513520348870	Marionette	DEBUG	Received DOM event "pageshow" for "https://letskodeit.teachable.com/p/practice"
1513520595269	geckodriver	INFO	geckodriver 0.18.0
1513520595278	geckodriver	INFO	Listening on 127.0.0.1:53508
1513520596388	geckodriver::marionette	INFO	Starting browser /Applications/Firefox.app/Contents/MacOS/firefox-bin with args ["-marionette"]
1513520596651	addons.xpi	WARN	Error parsing extensions state: [Exception... "Component returned failure code: 0x80520012 (NS_ERROR_FILE_NOT_FOUND) [amIAddonManagerStartup.readStartupData]"  nsresult: "0x80520012 (NS_ERROR_FILE_NOT_FOUND)"  location: "JS frame :: resource://gre/modules/addons/XPIProvider.jsm :: loadExtensionState :: line 1596"  data: no] Stack trace: loadExtensionState()@resource://gre/modules/addons/XPIProvider.jsm:1596 < getInstallState()@resource://gre/modules/addons/XPIProvider.jsm:1631 < checkForChanges()@resource://gre/modules/addons/XPIProvider.jsm:3152 < startup()@resource://gre/modules/addons/XPIProvider.jsm:2246 < callProvider()@resource://gre/modules/AddonManager.jsm:271 < _startProvider()@resource://gre/modules/AddonManager.jsm:741 < startup()@resource://gre/modules/AddonManager.jsm:908 < startup()@resource://gre/modules/AddonManager.jsm:3122 < observe()@jar:file:///Applications/Firefox.app/Contents/Resources/omni.ja!/components/addonManager.js:65
1513520596967	Marionette	INFO	Enabled via --marionette
2017-12-17 16:23:18.018 plugin-container[4678:632137] *** CFMessagePort: bootstrap_register(): failed 1100 (0x44c) 'Permission denied', port = 0x813b, name = 'com.apple.tsm.portname'
See /usr/include/servers/bootstrap_defs.h for the error codes.
1513520598359	Marionette	INFO	Listening on port 53521
JavaScript error: chrome://marionette/content/server.js, line 337: NS_ERROR_SOCKET_ADDRESS_IN_USE: Component returned failure code: 0x804b0036 (NS_ERROR_SOCKET_ADDRESS_IN_USE) [nsIServerSocket.initSpecialConnection]
1513520598470	Marionette	WARN	TLS certificate errors will be ignored for this session
1513520598504	Marionette	DEBUG	loaded listener.js
1513520598592	Marionette	DEBUG	Received DOM event "beforeunload" for "about:blank"
1513520599391	Marionette	DEBUG	Received DOM event "pagehide" for "about:blank"
1513520599391	Marionette	DEBUG	Received DOM event "unload" for "about:blank"
1513520600212	Marionette	DEBUG	Received DOM event "DOMContentLoaded" for "https://letskodeit.teachable.com/p/practice"
1513520601263	Marionette	DEBUG	Received DOM event "DOMContentLoaded" for "https://letskodeit.teachable.com/courses"
1513520601527	Marionette	DEBUG	Received DOM event "DOMContentLoaded" for "https://www.filestackapi.com/dialog/comm_iframe/"
1513520601529	Marionette	DEBUG	Received DOM event "pageshow" for "https://www.filestackapi.com/dialog/comm_iframe/"
1513520601535	Marionette	DEBUG	Received DOM event "DOMContentLoaded" for "https://dialog.filestackapi.com/dialog/comm_iframe/"
1513520601536	Marionette	DEBUG	Received DOM event "pageshow" for "https://dialog.filestackapi.com/dialog/comm_iframe/"
1513520601539	Marionette	DEBUG	Received DOM event "DOMContentLoaded" for "https://dialog.filestackapi.com/dialog/comm_iframe/"
1513520601540	Marionette	DEBUG	Received DOM event "pageshow" for "https://dialog.filestackapi.com/dialog/comm_iframe/"
1513520601540	Marionette	DEBUG	Received DOM event "DOMContentLoaded" for "https://www.filestackapi.com/dialog/comm_iframe/"
1513520601541	Marionette	DEBUG	Received DOM event "pageshow" for "https://www.filestackapi.com/dialog/comm_iframe/"
1513520601669	Marionette	DEBUG	Received DOM event "pageshow" for "https://letskodeit.teachable.com/courses"
1513520601701	Marionette	DEBUG	Received DOM event "pageshow" for "https://letskodeit.teachable.com/p/practice"
JavaScript error: jar:file:///Applications/Firefox.app/Contents/Resources/browser/omni.ja!/components/nsBrowserGlue.js, line 999: TypeError: win is null
1513520857498	geckodriver	INFO	geckodriver 0.18.0
1513520857508	geckodriver	INFO	Listening on 127.0.0.1:54501
1513520858602	geckodriver::marionette	INFO	Starting browser /Applications/Firefox.app/Contents/MacOS/firefox-bin with args ["-marionette"]
1513520858862	addons.xpi	WARN	Error parsing extensions state: [Exception... "Component returned failure code: 0x80520012 (NS_ERROR_FILE_NOT_FOUND) [amIAddonManagerStartup.readStartupData]"  nsresult: "0x80520012 (NS_ERROR_FILE_NOT_FOUND)"  location: "JS frame :: resource://gre/modules/addons/XPIProvider.jsm :: loadExtensionState :: line 1596"  data: no] Stack trace: loadExtensionState()@resource://gre/modules/addons/XPIProvider.jsm:1596 < getInstallState()@resource://gre/modules/addons/XPIProvider.jsm:1631 < checkForChanges()@resource://gre/modules/addons/XPIProvider.jsm:3152 < startup()@resource://gre/modules/addons/XPIProvider.jsm:2246 < callProvider()@resource://gre/modules/AddonManager.jsm:271 < _startProvider()@resource://gre/modules/AddonManager.jsm:741 < startup()@resource://gre/modules/AddonManager.jsm:908 < startup()@resource://gre/modules/AddonManager.jsm:3122 < observe()@jar:file:///Applications/Firefox.app/Contents/Resources/omni.ja!/components/addonManager.js:65
1513520859193	Marionette	INFO	Enabled via --marionette
2017-12-17 16:27:40.286 plugin-container[4730:636573] *** CFMessagePort: bootstrap_register(): failed 1100 (0x44c) 'Permission denied', port = 0x8127, name = 'com.apple.tsm.portname'
See /usr/include/servers/bootstrap_defs.h for the error codes.
1513520860641	Marionette	INFO	Listening on port 54518
JavaScript error: chrome://marionette/content/server.js, line 337: NS_ERROR_SOCKET_ADDRESS_IN_USE: Component returned failure code: 0x804b0036 (NS_ERROR_SOCKET_ADDRESS_IN_USE) [nsIServerSocket.initSpecialConnection]
1513520860695	Marionette	WARN	TLS certificate errors will be ignored for this session
1513520860729	Marionette	DEBUG	loaded listener.js
1513520860817	Marionette	DEBUG	Received DOM event "beforeunload" for "about:blank"
1513520861610	Marionette	DEBUG	Received DOM event "pagehide" for "about:blank"
1513520861610	Marionette	DEBUG	Received DOM event "unload" for "about:blank"
1513520862652	Marionette	DEBUG	Received DOM event "DOMContentLoaded" for "https://letskodeit.teachable.com/p/practice"
1513520863787	Marionette	DEBUG	Received DOM event "DOMContentLoaded" for "https://www.filestackapi.com/dialog/comm_iframe/"
1513520863790	Marionette	DEBUG	Received DOM event "pageshow" for "https://www.filestackapi.com/dialog/comm_iframe/"
1513520863790	Marionette	DEBUG	Received DOM event "DOMContentLoaded" for "https://dialog.filestackapi.com/dialog/comm_iframe/"
1513520863792	Marionette	DEBUG	Received DOM event "pageshow" for "https://dialog.filestackapi.com/dialog/comm_iframe/"
1513520864100	Marionette	DEBUG	Received DOM event "DOMContentLoaded" for "https://letskodeit.teachable.com/courses"
1513520864315	Marionette	DEBUG	Received DOM event "DOMContentLoaded" for "https://dialog.filestackapi.com/dialog/comm_iframe/"
1513520864324	Marionette	DEBUG	Received DOM event "pageshow" for "https://dialog.filestackapi.com/dialog/comm_iframe/"
1513520864325	Marionette	DEBUG	Received DOM event "DOMContentLoaded" for "https://www.filestackapi.com/dialog/comm_iframe/"
1513520864327	Marionette	DEBUG	Received DOM event "pageshow" for "https://www.filestackapi.com/dialog/comm_iframe/"
1513520864463	Marionette	DEBUG	Received DOM event "pageshow" for "https://letskodeit.teachable.com/courses"
1513520864475	Marionette	DEBUG	Received DOM event "pageshow" for "https://letskodeit.teachable.com/p/practice"
JavaScript error: jar:file:///Applications/Firefox.app/Contents/Resources/browser/omni.ja!/components/nsBrowserGlue.js, line 999: TypeError: win is null
JavaScript error: jar:file:///Applications/Firefox.app/Contents/Resources/browser/omni.ja!/components/nsBrowserGlue.js, line 999: TypeError: win is null
JavaScript error: jar:file:///Applications/Firefox.app/Contents/Resources/browser/omni.ja!/components/nsBrowserGlue.js, line 999: TypeError: win is null
JavaScript error: jar:file:///Applications/Firefox.app/Contents/Resources/browser/omni.ja!/components/nsBrowserGlue.js, line 999: TypeError: win is null
1513521900551	geckodriver	INFO	geckodriver 0.18.0
1513521900560	geckodriver	INFO	Listening on 127.0.0.1:57227
1513521901654	geckodriver::marionette	INFO	Starting browser /Applications/Firefox.app/Contents/MacOS/firefox-bin with args ["-marionette"]
1513521901974	addons.xpi	WARN	Error parsing extensions state: [Exception... "Component returned failure code: 0x80520012 (NS_ERROR_FILE_NOT_FOUND) [amIAddonManagerStartup.readStartupData]"  nsresult: "0x80520012 (NS_ERROR_FILE_NOT_FOUND)"  location: "JS frame :: resource://gre/modules/addons/XPIProvider.jsm :: loadExtensionState :: line 1596"  data: no] Stack trace: loadExtensionState()@resource://gre/modules/addons/XPIProvider.jsm:1596 < getInstallState()@resource://gre/modules/addons/XPIProvider.jsm:1631 < checkForChanges()@resource://gre/modules/addons/XPIProvider.jsm:3152 < startup()@resource://gre/modules/addons/XPIProvider.jsm:2246 < callProvider()@resource://gre/modules/AddonManager.jsm:271 < _startProvider()@resource://gre/modules/AddonManager.jsm:741 < startup()@resource://gre/modules/AddonManager.jsm:908 < startup()@resource://gre/modules/AddonManager.jsm:3122 < observe()@jar:file:///Applications/Firefox.app/Contents/Resources/omni.ja!/components/addonManager.js:65
1513521902312	Marionette	INFO	Enabled via --marionette
2017-12-17 16:45:03.515 plugin-container[4806:649177] *** CFMessagePort: bootstrap_register(): failed 1100 (0x44c) 'Permission denied', port = 0x8037, name = 'com.apple.tsm.portname'
See /usr/include/servers/bootstrap_defs.h for the error codes.
1513521903871	Marionette	INFO	Listening on port 57240
JavaScript error: chrome://marionette/content/server.js, line 337: NS_ERROR_SOCKET_ADDRESS_IN_USE: Component returned failure code: 0x804b0036 (NS_ERROR_SOCKET_ADDRESS_IN_USE) [nsIServerSocket.initSpecialConnection]
1513521903961	Marionette	WARN	TLS certificate errors will be ignored for this session
1513521904000	Marionette	DEBUG	loaded listener.js
1513521904087	Marionette	DEBUG	Received DOM event "beforeunload" for "about:blank"
1513521905463	Marionette	DEBUG	Received DOM event "pagehide" for "about:blank"
1513521905464	Marionette	DEBUG	Received DOM event "unload" for "about:blank"
1513521907005	Marionette	DEBUG	Received DOM event "DOMContentLoaded" for "https://letskodeit.teachable.com/p/practice"
1513521908037	Marionette	DEBUG	Received DOM event "DOMContentLoaded" for "https://letskodeit.teachable.com/courses"
1513521908314	Marionette	DEBUG	Received DOM event "DOMContentLoaded" for "https://dialog.filestackapi.com/dialog/comm_iframe/"
1513521908317	Marionette	DEBUG	Received DOM event "pageshow" for "https://dialog.filestackapi.com/dialog/comm_iframe/"
1513521908321	Marionette	DEBUG	Received DOM event "DOMContentLoaded" for "https://www.filestackapi.com/dialog/comm_iframe/"
1513521908323	Marionette	DEBUG	Received DOM event "pageshow" for "https://www.filestackapi.com/dialog/comm_iframe/"
1513521908331	Marionette	DEBUG	Received DOM event "DOMContentLoaded" for "https://dialog.filestackapi.com/dialog/comm_iframe/"
1513521908332	Marionette	DEBUG	Received DOM event "pageshow" for "https://dialog.filestackapi.com/dialog/comm_iframe/"
1513521908333	Marionette	DEBUG	Received DOM event "DOMContentLoaded" for "https://www.filestackapi.com/dialog/comm_iframe/"
1513521908334	Marionette	DEBUG	Received DOM event "pageshow" for "https://www.filestackapi.com/dialog/comm_iframe/"
1513521909639	Marionette	DEBUG	Received DOM event "pageshow" for "https://letskodeit.teachable.com/courses"
1513521909654	Marionette	DEBUG	Received DOM event "pageshow" for "https://letskodeit.teachable.com/p/practice"
JavaScript error: jar:file:///Applications/Firefox.app/Contents/Resources/browser/omni.ja!/components/nsBrowserGlue.js, line 999: TypeError: win is null
JavaScript error: jar:file:///Applications/Firefox.app/Contents/Resources/browser/omni.ja!/components/nsBrowserGlue.js, line 999: TypeError: win is null
JavaScript error: jar:file:///Applications/Firefox.app/Contents/Resources/browser/omni.ja!/components/nsBrowserGlue.js, line 999: TypeError: win is null
JavaScript error: jar:file:///Applications/Firefox.app/Contents/Resources/browser/omni.ja!/components/nsBrowserGlue.js, line 999: TypeError: win is null
JavaScript error: jar:file:///Applications/Firefox.app/Contents/Resources/browser/omni.ja!/components/nsBrowserGlue.js, line 999: TypeError: win is null
JavaScript error: jar:file:///Applications/Firefox.app/Contents/Resources/browser/omni.ja!/components/nsBrowserGlue.js, line 999: TypeError: win is null
JavaScript error: jar:file:///Applications/Firefox.app/Contents/Resources/browser/omni.ja!/components/nsBrowserGlue.js, line 999: TypeError: win is null
JavaScript error: jar:file:///Applications/Firefox.app/Contents/Resources/browser/omni.ja!/components/nsBrowserGlue.js, line 999: TypeError: win is null
JavaScript error: jar:file:///Applications/Firefox.app/Contents/Resources/browser/omni.ja!/components/nsBrowserGlue.js, line 999: TypeError: win is null
JavaScript error: jar:file:///Applications/Firefox.app/Contents/Resources/browser/omni.ja!/components/nsBrowserGlue.js, line 999: TypeError: win is null
JavaScript error: jar:file:///Applications/Firefox.app/Contents/Resources/browser/omni.ja!/components/nsBrowserGlue.js, line 999: TypeError: win is null
JavaScript error: jar:file:///Applications/Firefox.app/Contents/Resources/browser/omni.ja!/components/nsBrowserGlue.js, line 999: TypeError: win is null
JavaScript error: jar:file:///Applications/Firefox.app/Contents/Resources/browser/omni.ja!/components/nsBrowserGlue.js, line 999: TypeError: win is null
JavaScript error: jar:file:///Applications/Firefox.app/Contents/Resources/browser/omni.ja!/components/nsBrowserGlue.js, line 999: TypeError: win is null
JavaScript error: jar:file:///Applications/Firefox.app/Contents/Resources/browser/omni.ja!/components/nsBrowserGlue.js, line 999: TypeError: win is null
JavaScript error: jar:file:///Applications/Firefox.app/Contents/Resources/browser/omni.ja!/components/nsBrowserGlue.js, line 999: TypeError: win is null
JavaScript error: jar:file:///Applications/Firefox.app/Contents/Resources/browser/omni.ja!/components/nsBrowserGlue.js, line 999: TypeError: win is null
JavaScript error: jar:file:///Applications/Firefox.app/Contents/Resources/browser/omni.ja!/components/nsBrowserGlue.js, line 999: TypeError: win is null
JavaScript error: jar:file:///Applications/Firefox.app/Contents/Resources/browser/omni.ja!/components/nsBrowserGlue.js, line 999: TypeError: win is null
JavaScript error: jar:file:///Applications/Firefox.app/Contents/Resources/browser/omni.ja!/components/nsBrowserGlue.js, line 999: TypeError: win is null
JavaScript error: jar:file:///Applications/Firefox.app/Contents/Resources/browser/omni.ja!/components/nsBrowserGlue.js, line 999: TypeError: win is null
JavaScript error: jar:file:///Applications/Firefox.app/Contents/Resources/browser/omni.ja!/components/nsBrowserGlue.js, line 999: TypeError: win is null
JavaScript error: jar:file:///Applications/Firefox.app/Contents/Resources/browser/omni.ja!/components/nsBrowserGlue.js, line 999: TypeError: win is null
JavaScript error: jar:file:///Applications/Firefox.app/Contents/Resources/browser/omni.ja!/components/nsBrowserGlue.js, line 999: TypeError: win is null
JavaScript error: jar:file:///Applications/Firefox.app/Contents/Resources/browser/omni.ja!/components/nsBrowserGlue.js, line 999: TypeError: win is null
JavaScript error: jar:file:///Applications/Firefox.app/Contents/Resources/browser/omni.ja!/components/nsBrowserGlue.js, line 999: TypeError: win is null
JavaScript error: jar:file:///Applications/Firefox.app/Contents/Resources/browser/omni.ja!/components/nsBrowserGlue.js, line 999: TypeError: win is null
JavaScript error: jar:file:///Applications/Firefox.app/Contents/Resources/browser/omni.ja!/components/nsBrowserGlue.js, line 999: TypeError: win is null
JavaScript error: jar:file:///Applications/Firefox.app/Contents/Resources/browser/omni.ja!/components/nsBrowserGlue.js, line 999: TypeError: win is null
JavaScript error: jar:file:///Applications/Firefox.app/Contents/Resources/browser/omni.ja!/components/nsBrowserGlue.js, line 999: TypeError: win is null
JavaScript error: jar:file:///Applications/Firefox.app/Contents/Resources/browser/omni.ja!/components/nsBrowserGlue.js, line 999: TypeError: win is null
JavaScript error: jar:file:///Applications/Firefox.app/Contents/Resources/browser/omni.ja!/components/nsBrowserGlue.js, line 999: TypeError: win is null
JavaScript error: jar:file:///Applications/Firefox.app/Contents/Resources/browser/omni.ja!/components/nsBrowserGlue.js, line 999: TypeError: win is null
JavaScript error: jar:file:///Applications/Firefox.app/Contents/Resources/browser/omni.ja!/components/nsBrowserGlue.js, line 999: TypeError: win is null
JavaScript error: jar:file:///Applications/Firefox.app/Contents/Resources/browser/omni.ja!/components/nsBrowserGlue.js, line 999: TypeError: win is null
JavaScript error: jar:file:///Applications/Firefox.app/Contents/Resources/browser/omni.ja!/components/nsBrowserGlue.js, line 999: TypeError: win is null
JavaScript error: jar:file:///Applications/Firefox.app/Contents/Resources/browser/omni.ja!/components/nsBrowserGlue.js, line 999: TypeError: win is null
JavaScript error: jar:file:///Applications/Firefox.app/Contents/Resources/browser/omni.ja!/components/nsBrowserGlue.js, line 999: TypeError: win is null
JavaScript error: jar:file:///Applications/Firefox.app/Contents/Resources/browser/omni.ja!/components/nsBrowserGlue.js, line 999: TypeError: win is null
JavaScript error: jar:file:///Applications/Firefox.app/Contents/Resources/browser/omni.ja!/components/nsBrowserGlue.js, line 999: TypeError: win is null
JavaScript error: jar:file:///Applications/Firefox.app/Contents/Resources/browser/omni.ja!/components/nsBrowserGlue.js, line 999: TypeError: win is null
JavaScript error: jar:file:///Applications/Firefox.app/Contents/Resources/browser/omni.ja!/components/nsBrowserGlue.js, line 999: TypeError: win is null
JavaScript error: jar:file:///Applications/Firefox.app/Contents/Resources/browser/omni.ja!/components/nsBrowserGlue.js, line 999: TypeError: win is null
JavaScript error: jar:file:///Applications/Firefox.app/Contents/Resources/browser/omni.ja!/components/nsBrowserGlue.js, line 999: TypeError: win is null
JavaScript error: jar:file:///Applications/Firefox.app/Contents/Resources/browser/omni.ja!/components/nsBrowserGlue.js, line 999: TypeError: win is null
JavaScript error: jar:file:///Applications/Firefox.app/Contents/Resources/browser/omni.ja!/components/nsBrowserGlue.js, line 999: TypeError: win is null
2017-12-17 20:49:56.540 plugin-container[5489:780408] *** CFMessagePort: bootstrap_register(): failed 1100 (0x44c) 'Permission denied', port = 0x8337, name = 'com.apple.tsm.portname'
See /usr/include/servers/bootstrap_defs.h for the error codes.
JavaScript error: https://a.travel-assets.com/bundles/storefront-web/secondaryContent-bundle/memberOnlyDeals-1-en_US-b9fd9bddd9cbc06accea2cba532f2a3e-min.js, line 1: ReferenceError: Handlebars is not defined
JavaScript error: https://suggest.expedia.com/api/v4/ping?callback=jQuery18207994345411776062_1513536610697&_=1513536610703, line 1: SyntaxError: missing ; before statement
2017-12-17 20:50:43.562 plugin-container[5494:781311] *** CFMessagePort: bootstrap_register(): failed 1100 (0x44c) 'Permission denied', port = 0x873b, name = 'com.apple.tsm.portname'
See /usr/include/servers/bootstrap_defs.h for the error codes.
2017-12-17 20:50:50.596 plugin-container[5495:781429] *** CFMessagePort: bootstrap_register(): failed 1100 (0x44c) 'Permission denied', port = 0x8d3b, name = 'com.apple.tsm.portname'
See /usr/include/servers/bootstrap_defs.h for the error codes.
2017-12-17 20:50:55.180 plugin-container[5496:781511] *** CFMessagePort: bootstrap_register(): failed 1100 (0x44c) 'Permission denied', port = 0x773b, name = 'com.apple.tsm.portname'
See /usr/include/servers/bootstrap_defs.h for the error codes.
2017-12-17 20:55:46.592 plugin-container[5515:785186] *** CFMessagePort: bootstrap_register(): failed 1100 (0x44c) 'Permission denied', port = 0x873b, name = 'com.apple.tsm.portname'
See /usr/include/servers/bootstrap_defs.h for the error codes.
2017-12-25 19:07:46.136 plugin-container[16429:2526771] *** CFMessagePort: bootstrap_register(): failed 1100 (0x44c) 'Permission denied', port = 0x7d3b, name = 'com.apple.tsm.portname'
See /usr/include/servers/bootstrap_defs.h for the error codes.
