1511725919475	geckodriver	INFO	geckodriver 0.18.0
1511725919484	geckodriver	INFO	Listening on 127.0.0.1:61354
1511725922590	geckodriver::marionette	INFO	Starting browser /Applications/Firefox.app/Contents/MacOS/firefox-bin with args ["-marionette"]
1511725922904	addons.xpi	WARN	Error parsing extensions state: [Exception... "Component returned failure code: 0x80520012 (NS_ERROR_FILE_NOT_FOUND) [amIAddonManagerStartup.readStartupData]"  nsresult: "0x80520012 (NS_ERROR_FILE_NOT_FOUND)"  location: "JS frame :: resource://gre/modules/addons/XPIProvider.jsm :: loadExtensionState :: line 1596"  data: no] Stack trace: loadExtensionState()@resource://gre/modules/addons/XPIProvider.jsm:1596 < getInstallState()@resource://gre/modules/addons/XPIProvider.jsm:1631 < checkForChanges()@resource://gre/modules/addons/XPIProvider.jsm:3152 < startup()@resource://gre/modules/addons/XPIProvider.jsm:2246 < callProvider()@resource://gre/modules/AddonManager.jsm:271 < _startProvider()@resource://gre/modules/AddonManager.jsm:741 < startup()@resource://gre/modules/AddonManager.jsm:908 < startup()@resource://gre/modules/AddonManager.jsm:3122 < observe()@jar:file:///Applications/Firefox.app/Contents/Resources/omni.ja!/components/addonManager.js:65
1511725923262	Marionette	INFO	Enabled via --marionette
2017-11-26 21:52:04.508 plugin-container[5679:1998044] *** CFMessagePort: bootstrap_register(): failed 1100 (0x44c) 'Permission denied', port = 0x9e2b, name = 'com.apple.tsm.portname'
See /usr/include/servers/bootstrap_defs.h for the error codes.
1511725924701	Marionette	INFO	Listening on port 61361
JavaScript error: chrome://marionette/content/server.js, line 337: NS_ERROR_SOCKET_ADDRESS_IN_USE: Component returned failure code: 0x804b0036 (NS_ERROR_SOCKET_ADDRESS_IN_USE) [nsIServerSocket.initSpecialConnection]
1511725924833	Marionette	WARN	TLS certificate errors will be ignored for this session
1511725924865	Marionette	DEBUG	loaded listener.js
1511725924879	Marionette	DEBUG	Received DOM event "beforeunload" for "about:blank"
1511725925643	Marionette	DEBUG	Received DOM event "pagehide" for "about:blank"
1511725925643	Marionette	DEBUG	Received DOM event "unload" for "about:blank"
1511725926472	Marionette	DEBUG	Received DOM event "DOMContentLoaded" for "https://letskodeit.teachable.com/p/practice"
1511725927606	Marionette	DEBUG	Received DOM event "DOMContentLoaded" for "https://letskodeit.teachable.com/courses"
1511725927927	Marionette	DEBUG	Received DOM event "DOMContentLoaded" for "https://dialog.filestackapi.com/dialog/comm_iframe/"
1511725927930	Marionette	DEBUG	Received DOM event "pageshow" for "https://dialog.filestackapi.com/dialog/comm_iframe/"
1511725927931	Marionette	DEBUG	Received DOM event "DOMContentLoaded" for "https://www.filestackapi.com/dialog/comm_iframe/"
1511725927932	Marionette	DEBUG	Received DOM event "pageshow" for "https://www.filestackapi.com/dialog/comm_iframe/"
1511725927933	Marionette	DEBUG	Received DOM event "DOMContentLoaded" for "https://dialog.filestackapi.com/dialog/comm_iframe/"
1511725927934	Marionette	DEBUG	Received DOM event "pageshow" for "https://dialog.filestackapi.com/dialog/comm_iframe/"
1511725927935	Marionette	DEBUG	Received DOM event "DOMContentLoaded" for "https://www.filestackapi.com/dialog/comm_iframe/"
1511725927936	Marionette	DEBUG	Received DOM event "pageshow" for "https://www.filestackapi.com/dialog/comm_iframe/"
1511725928297	Marionette	DEBUG	Received DOM event "pageshow" for "https://letskodeit.teachable.com/courses"
1511725928310	Marionette	DEBUG	Received DOM event "pageshow" for "https://letskodeit.teachable.com/p/practice"
1511725958193	geckodriver	INFO	geckodriver 0.18.0
1511725958200	geckodriver	INFO	Listening on 127.0.0.1:61422
1511725961282	geckodriver::marionette	INFO	Starting browser /Applications/Firefox.app/Contents/MacOS/firefox-bin with args ["-marionette"]
1511725961534	addons.xpi	WARN	Error parsing extensions state: [Exception... "Component returned failure code: 0x80520012 (NS_ERROR_FILE_NOT_FOUND) [amIAddonManagerStartup.readStartupData]"  nsresult: "0x80520012 (NS_ERROR_FILE_NOT_FOUND)"  location: "JS frame :: resource://gre/modules/addons/XPIProvider.jsm :: loadExtensionState :: line 1596"  data: no] Stack trace: loadExtensionState()@resource://gre/modules/addons/XPIProvider.jsm:1596 < getInstallState()@resource://gre/modules/addons/XPIProvider.jsm:1631 < checkForChanges()@resource://gre/modules/addons/XPIProvider.jsm:3152 < startup()@resource://gre/modules/addons/XPIProvider.jsm:2246 < callProvider()@resource://gre/modules/AddonManager.jsm:271 < _startProvider()@resource://gre/modules/AddonManager.jsm:741 < startup()@resource://gre/modules/AddonManager.jsm:908 < startup()@resource://gre/modules/AddonManager.jsm:3122 < observe()@jar:file:///Applications/Firefox.app/Contents/Resources/omni.ja!/components/addonManager.js:65
1511725961835	Marionette	INFO	Enabled via --marionette
2017-11-26 21:52:42.901 plugin-container[5689:1998661] *** CFMessagePort: bootstrap_register(): failed 1100 (0x44c) 'Permission denied', port = 0x9f27, name = 'com.apple.tsm.portname'
See /usr/include/servers/bootstrap_defs.h for the error codes.
1511725963212	Marionette	INFO	Listening on port 61429
JavaScript error: chrome://marionette/content/server.js, line 337: NS_ERROR_SOCKET_ADDRESS_IN_USE: Component returned failure code: 0x804b0036 (NS_ERROR_SOCKET_ADDRESS_IN_USE) [nsIServerSocket.initSpecialConnection]
1511725963521	Marionette	WARN	TLS certificate errors will be ignored for this session
1511725963555	Marionette	DEBUG	loaded listener.js
1511725963571	Marionette	DEBUG	Received DOM event "beforeunload" for "about:blank"
1511725964379	Marionette	DEBUG	Received DOM event "pagehide" for "about:blank"
1511725964379	Marionette	DEBUG	Received DOM event "unload" for "about:blank"
1511725965107	Marionette	DEBUG	Received DOM event "DOMContentLoaded" for "https://letskodeit.teachable.com/p/practice"
1511725966237	Marionette	DEBUG	Received DOM event "DOMContentLoaded" for "https://letskodeit.teachable.com/courses"
1511725966582	Marionette	DEBUG	Received DOM event "DOMContentLoaded" for "https://dialog.filestackapi.com/dialog/comm_iframe/"
1511725966588	Marionette	DEBUG	Received DOM event "pageshow" for "https://dialog.filestackapi.com/dialog/comm_iframe/"
1511725966589	Marionette	DEBUG	Received DOM event "DOMContentLoaded" for "https://www.filestackapi.com/dialog/comm_iframe/"
1511725966591	Marionette	DEBUG	Received DOM event "pageshow" for "https://www.filestackapi.com/dialog/comm_iframe/"
1511725966618	Marionette	DEBUG	Received DOM event "DOMContentLoaded" for "https://dialog.filestackapi.com/dialog/comm_iframe/"
1511725966620	Marionette	DEBUG	Received DOM event "pageshow" for "https://dialog.filestackapi.com/dialog/comm_iframe/"
1511725966620	Marionette	DEBUG	Received DOM event "DOMContentLoaded" for "https://www.filestackapi.com/dialog/comm_iframe/"
1511725966622	Marionette	DEBUG	Received DOM event "pageshow" for "https://www.filestackapi.com/dialog/comm_iframe/"
1511725966653	Marionette	DEBUG	Received DOM event "pageshow" for "https://letskodeit.teachable.com/courses"
1511725966665	Marionette	DEBUG	Received DOM event "pageshow" for "https://letskodeit.teachable.com/p/practice"
1511725981850	geckodriver	INFO	geckodriver 0.18.0
1511725981856	geckodriver	INFO	Listening on 127.0.0.1:61489
1511725984947	geckodriver::marionette	INFO	Starting browser /Applications/Firefox.app/Contents/MacOS/firefox-bin with args ["-marionette"]
1511725985191	addons.xpi	WARN	Error parsing extensions state: [Exception... "Component returned failure code: 0x80520012 (NS_ERROR_FILE_NOT_FOUND) [amIAddonManagerStartup.readStartupData]"  nsresult: "0x80520012 (NS_ERROR_FILE_NOT_FOUND)"  location: "JS frame :: resource://gre/modules/addons/XPIProvider.jsm :: loadExtensionState :: line 1596"  data: no] Stack trace: loadExtensionState()@resource://gre/modules/addons/XPIProvider.jsm:1596 < getInstallState()@resource://gre/modules/addons/XPIProvider.jsm:1631 < checkForChanges()@resource://gre/modules/addons/XPIProvider.jsm:3152 < startup()@resource://gre/modules/addons/XPIProvider.jsm:2246 < callProvider()@resource://gre/modules/AddonManager.jsm:271 < _startProvider()@resource://gre/modules/AddonManager.jsm:741 < startup()@resource://gre/modules/AddonManager.jsm:908 < startup()@resource://gre/modules/AddonManager.jsm:3122 < observe()@jar:file:///Applications/Firefox.app/Contents/Resources/omni.ja!/components/addonManager.js:65
1511725985490	Marionette	INFO	Enabled via --marionette
2017-11-26 21:53:06.527 plugin-container[5697:1999237] *** CFMessagePort: bootstrap_register(): failed 1100 (0x44c) 'Permission denied', port = 0x9f2b, name = 'com.apple.tsm.portname'
See /usr/include/servers/bootstrap_defs.h for the error codes.
1511725986842	Marionette	INFO	Listening on port 61496
JavaScript error: chrome://marionette/content/server.js, line 337: NS_ERROR_SOCKET_ADDRESS_IN_USE: Component returned failure code: 0x804b0036 (NS_ERROR_SOCKET_ADDRESS_IN_USE) [nsIServerSocket.initSpecialConnection]
1511725987197	Marionette	WARN	TLS certificate errors will be ignored for this session
1511725987231	Marionette	DEBUG	loaded listener.js
1511725987246	Marionette	DEBUG	Received DOM event "beforeunload" for "about:blank"
1511725988091	Marionette	DEBUG	Received DOM event "pagehide" for "about:blank"
1511725988091	Marionette	DEBUG	Received DOM event "unload" for "about:blank"
1511725989120	Marionette	DEBUG	Received DOM event "DOMContentLoaded" for "https://letskodeit.teachable.com/p/practice"
1511725990018	Marionette	DEBUG	Received DOM event "DOMContentLoaded" for "https://www.filestackapi.com/dialog/comm_iframe/"
1511725990025	Marionette	DEBUG	Received DOM event "pageshow" for "https://www.filestackapi.com/dialog/comm_iframe/"
1511725990037	Marionette	DEBUG	Received DOM event "DOMContentLoaded" for "https://dialog.filestackapi.com/dialog/comm_iframe/"
1511725990039	Marionette	DEBUG	Received DOM event "pageshow" for "https://dialog.filestackapi.com/dialog/comm_iframe/"
1511725990424	Marionette	DEBUG	Received DOM event "DOMContentLoaded" for "https://letskodeit.teachable.com/courses"
1511725990620	Marionette	DEBUG	Received DOM event "DOMContentLoaded" for "https://dialog.filestackapi.com/dialog/comm_iframe/"
1511725990624	Marionette	DEBUG	Received DOM event "pageshow" for "https://dialog.filestackapi.com/dialog/comm_iframe/"
1511725990625	Marionette	DEBUG	Received DOM event "DOMContentLoaded" for "https://www.filestackapi.com/dialog/comm_iframe/"
1511725990626	Marionette	DEBUG	Received DOM event "pageshow" for "https://www.filestackapi.com/dialog/comm_iframe/"
1511725990842	Marionette	DEBUG	Received DOM event "pageshow" for "https://letskodeit.teachable.com/courses"
1511725990855	Marionette	DEBUG	Received DOM event "pageshow" for "https://letskodeit.teachable.com/p/practice"
1511726011531	geckodriver	INFO	geckodriver 0.18.0
1511726011537	geckodriver	INFO	Listening on 127.0.0.1:61558
1511726014633	geckodriver::marionette	INFO	Starting browser /Applications/Firefox.app/Contents/MacOS/firefox-bin with args ["-marionette"]
1511726014899	addons.xpi	WARN	Error parsing extensions state: [Exception... "Component returned failure code: 0x80520012 (NS_ERROR_FILE_NOT_FOUND) [amIAddonManagerStartup.readStartupData]"  nsresult: "0x80520012 (NS_ERROR_FILE_NOT_FOUND)"  location: "JS frame :: resource://gre/modules/addons/XPIProvider.jsm :: loadExtensionState :: line 1596"  data: no] Stack trace: loadExtensionState()@resource://gre/modules/addons/XPIProvider.jsm:1596 < getInstallState()@resource://gre/modules/addons/XPIProvider.jsm:1631 < checkForChanges()@resource://gre/modules/addons/XPIProvider.jsm:3152 < startup()@resource://gre/modules/addons/XPIProvider.jsm:2246 < callProvider()@resource://gre/modules/AddonManager.jsm:271 < _startProvider()@resource://gre/modules/AddonManager.jsm:741 < startup()@resource://gre/modules/AddonManager.jsm:908 < startup()@resource://gre/modules/AddonManager.jsm:3122 < observe()@jar:file:///Applications/Firefox.app/Contents/Resources/omni.ja!/components/addonManager.js:65
1511726015219	Marionette	INFO	Enabled via --marionette
2017-11-26 21:53:36.373 plugin-container[5707:1999982] *** CFMessagePort: bootstrap_register(): failed 1100 (0x44c) 'Permission denied', port = 0xa13b, name = 'com.apple.tsm.portname'
See /usr/include/servers/bootstrap_defs.h for the error codes.
1511726016774	Marionette	INFO	Listening on port 61565
JavaScript error: chrome://marionette/content/server.js, line 337: NS_ERROR_SOCKET_ADDRESS_IN_USE: Component returned failure code: 0x804b0036 (NS_ERROR_SOCKET_ADDRESS_IN_USE) [nsIServerSocket.initSpecialConnection]
1511726016879	Marionette	WARN	TLS certificate errors will be ignored for this session
1511726016913	Marionette	DEBUG	loaded listener.js
1511726016931	Marionette	DEBUG	Received DOM event "beforeunload" for "about:blank"
1511726017652	Marionette	DEBUG	Received DOM event "pagehide" for "about:blank"
1511726017652	Marionette	DEBUG	Received DOM event "unload" for "about:blank"
1511726018362	Marionette	DEBUG	Received DOM event "DOMContentLoaded" for "https://letskodeit.teachable.com/p/practice"
1511726019562	Marionette	DEBUG	Received DOM event "DOMContentLoaded" for "https://letskodeit.teachable.com/courses"
1511726019645	Marionette	DEBUG	Received DOM event "DOMContentLoaded" for "https://dialog.filestackapi.com/dialog/comm_iframe/"
1511726019648	Marionette	DEBUG	Received DOM event "pageshow" for "https://dialog.filestackapi.com/dialog/comm_iframe/"
1511726019678	Marionette	DEBUG	Received DOM event "DOMContentLoaded" for "https://www.filestackapi.com/dialog/comm_iframe/"
1511726019680	Marionette	DEBUG	Received DOM event "pageshow" for "https://www.filestackapi.com/dialog/comm_iframe/"
1511726019872	Marionette	DEBUG	Received DOM event "DOMContentLoaded" for "https://dialog.filestackapi.com/dialog/comm_iframe/"
1511726019874	Marionette	DEBUG	Received DOM event "pageshow" for "https://dialog.filestackapi.com/dialog/comm_iframe/"
1511726019875	Marionette	DEBUG	Received DOM event "DOMContentLoaded" for "https://www.filestackapi.com/dialog/comm_iframe/"
1511726019877	Marionette	DEBUG	Received DOM event "pageshow" for "https://www.filestackapi.com/dialog/comm_iframe/"
1511726020009	Marionette	DEBUG	Received DOM event "pageshow" for "https://letskodeit.teachable.com/courses"
1511726020021	Marionette	DEBUG	Received DOM event "pageshow" for "https://letskodeit.teachable.com/p/practice"
1511726060069	geckodriver	INFO	geckodriver 0.18.0
1511726060080	geckodriver	INFO	Listening on 127.0.0.1:61628
1511726063167	geckodriver::marionette	INFO	Starting browser /Applications/Firefox.app/Contents/MacOS/firefox-bin with args ["-marionette"]
1511726063419	addons.xpi	WARN	Error parsing extensions state: [Exception... "Component returned failure code: 0x80520012 (NS_ERROR_FILE_NOT_FOUND) [amIAddonManagerStartup.readStartupData]"  nsresult: "0x80520012 (NS_ERROR_FILE_NOT_FOUND)"  location: "JS frame :: resource://gre/modules/addons/XPIProvider.jsm :: loadExtensionState :: line 1596"  data: no] Stack trace: loadExtensionState()@resource://gre/modules/addons/XPIProvider.jsm:1596 < getInstallState()@resource://gre/modules/addons/XPIProvider.jsm:1631 < checkForChanges()@resource://gre/modules/addons/XPIProvider.jsm:3152 < startup()@resource://gre/modules/addons/XPIProvider.jsm:2246 < callProvider()@resource://gre/modules/AddonManager.jsm:271 < _startProvider()@resource://gre/modules/AddonManager.jsm:741 < startup()@resource://gre/modules/AddonManager.jsm:908 < startup()@resource://gre/modules/AddonManager.jsm:3122 < observe()@jar:file:///Applications/Firefox.app/Contents/Resources/omni.ja!/components/addonManager.js:65
1511726063739	Marionette	INFO	Enabled via --marionette
2017-11-26 21:54:24.817 plugin-container[5722:2000915] *** CFMessagePort: bootstrap_register(): failed 1100 (0x44c) 'Permission denied', port = 0xa137, name = 'com.apple.tsm.portname'
See /usr/include/servers/bootstrap_defs.h for the error codes.
1511726065118	Marionette	INFO	Listening on port 61635
JavaScript error: chrome://marionette/content/server.js, line 337: NS_ERROR_SOCKET_ADDRESS_IN_USE: Component returned failure code: 0x804b0036 (NS_ERROR_SOCKET_ADDRESS_IN_USE) [nsIServerSocket.initSpecialConnection]
1511726065420	Marionette	WARN	TLS certificate errors will be ignored for this session
1511726065458	Marionette	DEBUG	loaded listener.js
1511726065474	Marionette	DEBUG	Received DOM event "beforeunload" for "about:blank"
1511726066251	Marionette	DEBUG	Received DOM event "pagehide" for "about:blank"
1511726066252	Marionette	DEBUG	Received DOM event "unload" for "about:blank"
1511726067057	Marionette	DEBUG	Received DOM event "DOMContentLoaded" for "https://letskodeit.teachable.com/p/practice"
1511726068087	Marionette	DEBUG	Received DOM event "DOMContentLoaded" for "https://letskodeit.teachable.com/courses"
1511726068396	Marionette	DEBUG	Received DOM event "DOMContentLoaded" for "https://dialog.filestackapi.com/dialog/comm_iframe/"
1511726068401	Marionette	DEBUG	Received DOM event "pageshow" for "https://dialog.filestackapi.com/dialog/comm_iframe/"
1511726068402	Marionette	DEBUG	Received DOM event "DOMContentLoaded" for "https://www.filestackapi.com/dialog/comm_iframe/"
1511726068404	Marionette	DEBUG	Received DOM event "pageshow" for "https://www.filestackapi.com/dialog/comm_iframe/"
1511726068407	Marionette	DEBUG	Received DOM event "DOMContentLoaded" for "https://dialog.filestackapi.com/dialog/comm_iframe/"
1511726068408	Marionette	DEBUG	Received DOM event "pageshow" for "https://dialog.filestackapi.com/dialog/comm_iframe/"
1511726068408	Marionette	DEBUG	Received DOM event "DOMContentLoaded" for "https://www.filestackapi.com/dialog/comm_iframe/"
1511726068409	Marionette	DEBUG	Received DOM event "pageshow" for "https://www.filestackapi.com/dialog/comm_iframe/"
1511726068645	Marionette	DEBUG	Received DOM event "pageshow" for "https://letskodeit.teachable.com/courses"
1511726068657	Marionette	DEBUG	Received DOM event "pageshow" for "https://letskodeit.teachable.com/p/practice"
1511726139047	geckodriver	INFO	geckodriver 0.18.0
1511726139055	geckodriver	INFO	Listening on 127.0.0.1:61701
1511726142143	geckodriver::marionette	INFO	Starting browser /Applications/Firefox.app/Contents/MacOS/firefox-bin with args ["-marionette"]
1511726142381	addons.xpi	WARN	Error parsing extensions state: [Exception... "Component returned failure code: 0x80520012 (NS_ERROR_FILE_NOT_FOUND) [amIAddonManagerStartup.readStartupData]"  nsresult: "0x80520012 (NS_ERROR_FILE_NOT_FOUND)"  location: "JS frame :: resource://gre/modules/addons/XPIProvider.jsm :: loadExtensionState :: line 1596"  data: no] Stack trace: loadExtensionState()@resource://gre/modules/addons/XPIProvider.jsm:1596 < getInstallState()@resource://gre/modules/addons/XPIProvider.jsm:1631 < checkForChanges()@resource://gre/modules/addons/XPIProvider.jsm:3152 < startup()@resource://gre/modules/addons/XPIProvider.jsm:2246 < callProvider()@resource://gre/modules/AddonManager.jsm:271 < _startProvider()@resource://gre/modules/AddonManager.jsm:741 < startup()@resource://gre/modules/AddonManager.jsm:908 < startup()@resource://gre/modules/AddonManager.jsm:3122 < observe()@jar:file:///Applications/Firefox.app/Contents/Resources/omni.ja!/components/addonManager.js:65
1511726142683	Marionette	INFO	Enabled via --marionette
2017-11-26 21:55:43.771 plugin-container[5738:2002133] *** CFMessagePort: bootstrap_register(): failed 1100 (0x44c) 'Permission denied', port = 0x9e3b, name = 'com.apple.tsm.portname'
See /usr/include/servers/bootstrap_defs.h for the error codes.
1511726144090	Marionette	INFO	Listening on port 61708
JavaScript error: chrome://marionette/content/server.js, line 337: NS_ERROR_SOCKET_ADDRESS_IN_USE: Component returned failure code: 0x804b0036 (NS_ERROR_SOCKET_ADDRESS_IN_USE) [nsIServerSocket.initSpecialConnection]
1511726144395	Marionette	WARN	TLS certificate errors will be ignored for this session
1511726144432	Marionette	DEBUG	loaded listener.js
1511726144449	Marionette	DEBUG	Received DOM event "beforeunload" for "about:blank"
1511726145265	Marionette	DEBUG	Received DOM event "pagehide" for "about:blank"
1511726145265	Marionette	DEBUG	Received DOM event "unload" for "about:blank"
1511726146141	Marionette	DEBUG	Received DOM event "DOMContentLoaded" for "https://letskodeit.teachable.com/p/practice"
1511726147166	Marionette	DEBUG	Received DOM event "DOMContentLoaded" for "https://dialog.filestackapi.com/dialog/comm_iframe/"
1511726147171	Marionette	DEBUG	Received DOM event "pageshow" for "https://dialog.filestackapi.com/dialog/comm_iframe/"
1511726147172	Marionette	DEBUG	Received DOM event "DOMContentLoaded" for "https://www.filestackapi.com/dialog/comm_iframe/"
1511726147174	Marionette	DEBUG	Received DOM event "pageshow" for "https://www.filestackapi.com/dialog/comm_iframe/"
1511726148423	Marionette	DEBUG	Received DOM event "DOMContentLoaded" for "https://letskodeit.teachable.com/courses"
1511726148587	Marionette	DEBUG	Received DOM event "DOMContentLoaded" for "https://dialog.filestackapi.com/dialog/comm_iframe/"
1511726148591	Marionette	DEBUG	Received DOM event "pageshow" for "https://dialog.filestackapi.com/dialog/comm_iframe/"
1511726148591	Marionette	DEBUG	Received DOM event "DOMContentLoaded" for "https://www.filestackapi.com/dialog/comm_iframe/"
1511726148593	Marionette	DEBUG	Received DOM event "pageshow" for "https://www.filestackapi.com/dialog/comm_iframe/"
1511726148832	Marionette	DEBUG	Received DOM event "pageshow" for "https://letskodeit.teachable.com/courses"
1511726148844	Marionette	DEBUG	Received DOM event "pageshow" for "https://letskodeit.teachable.com/p/practice"
2017-11-26 22:05:04.560 plugin-container[5764:2008741] *** CFMessagePort: bootstrap_register(): failed 1100 (0x44c) 'Permission denied', port = 0xa03b, name = 'com.apple.tsm.portname'
See /usr/include/servers/bootstrap_defs.h for the error codes.
2017-11-26 22:05:08.771 plugin-container[5765:2008807] *** CFMessagePort: bootstrap_register(): failed 1100 (0x44c) 'Permission denied', port = 0x9e3b, name = 'com.apple.tsm.portname'
See /usr/include/servers/bootstrap_defs.h for the error codes.
2017-11-26 22:05:18.394 plugin-container[5767:2008982] *** CFMessagePort: bootstrap_register(): failed 1100 (0x44c) 'Permission denied', port = 0x9e37, name = 'com.apple.tsm.portname'
See /usr/include/servers/bootstrap_defs.h for the error codes.
2017-11-26 22:05:23.739 plugin-container[5768:2009081] *** CFMessagePort: bootstrap_register(): failed 1100 (0x44c) 'Permission denied', port = 0x9e3b, name = 'com.apple.tsm.portname'
See /usr/include/servers/bootstrap_defs.h for the error codes.
1511728302046	geckodriver	INFO	geckodriver 0.18.0
1511728302052	geckodriver	INFO	Listening on 127.0.0.1:62010
1511728305156	geckodriver::marionette	INFO	Starting browser /Applications/Firefox.app/Contents/MacOS/firefox-bin with args ["-marionette"]
1511728305404	addons.xpi	WARN	Error parsing extensions state: [Exception... "Component returned failure code: 0x80520012 (NS_ERROR_FILE_NOT_FOUND) [amIAddonManagerStartup.readStartupData]"  nsresult: "0x80520012 (NS_ERROR_FILE_NOT_FOUND)"  location: "JS frame :: resource://gre/modules/addons/XPIProvider.jsm :: loadExtensionState :: line 1596"  data: no] Stack trace: loadExtensionState()@resource://gre/modules/addons/XPIProvider.jsm:1596 < getInstallState()@resource://gre/modules/addons/XPIProvider.jsm:1631 < checkForChanges()@resource://gre/modules/addons/XPIProvider.jsm:3152 < startup()@resource://gre/modules/addons/XPIProvider.jsm:2246 < callProvider()@resource://gre/modules/AddonManager.jsm:271 < _startProvider()@resource://gre/modules/AddonManager.jsm:741 < startup()@resource://gre/modules/AddonManager.jsm:908 < startup()@resource://gre/modules/AddonManager.jsm:3122 < observe()@jar:file:///Applications/Firefox.app/Contents/Resources/omni.ja!/components/addonManager.js:65
1511728305713	Marionette	INFO	Enabled via --marionette
2017-11-26 22:31:46.759 plugin-container[5859:2032113] *** CFMessagePort: bootstrap_register(): failed 1100 (0x44c) 'Permission denied', port = 0x9e27, name = 'com.apple.tsm.portname'
See /usr/include/servers/bootstrap_defs.h for the error codes.
1511728307076	Marionette	INFO	Listening on port 62017
JavaScript error: chrome://marionette/content/server.js, line 337: NS_ERROR_SOCKET_ADDRESS_IN_USE: Component returned failure code: 0x804b0036 (NS_ERROR_SOCKET_ADDRESS_IN_USE) [nsIServerSocket.initSpecialConnection]
1511728307406	Marionette	WARN	TLS certificate errors will be ignored for this session
1511728307438	Marionette	DEBUG	loaded listener.js
1511728307453	Marionette	DEBUG	Received DOM event "beforeunload" for "about:blank"
1511728308378	Marionette	DEBUG	Received DOM event "pagehide" for "about:blank"
1511728308378	Marionette	DEBUG	Received DOM event "unload" for "about:blank"
1511728309656	Marionette	DEBUG	Received DOM event "DOMContentLoaded" for "https://letskodeit.teachable.com/p/practice"
1511728310611	Marionette	DEBUG	Received DOM event "DOMContentLoaded" for "https://letskodeit.teachable.com/courses"
1511728310862	Marionette	DEBUG	Received DOM event "DOMContentLoaded" for "https://dialog.filestackapi.com/dialog/comm_iframe/"
1511728310871	Marionette	DEBUG	Received DOM event "pageshow" for "https://dialog.filestackapi.com/dialog/comm_iframe/"
1511728310878	Marionette	DEBUG	Received DOM event "DOMContentLoaded" for "https://www.filestackapi.com/dialog/comm_iframe/"
1511728310879	Marionette	DEBUG	Received DOM event "pageshow" for "https://www.filestackapi.com/dialog/comm_iframe/"
1511728310910	Marionette	DEBUG	Received DOM event "DOMContentLoaded" for "https://dialog.filestackapi.com/dialog/comm_iframe/"
1511728310911	Marionette	DEBUG	Received DOM event "pageshow" for "https://dialog.filestackapi.com/dialog/comm_iframe/"
1511728310912	Marionette	DEBUG	Received DOM event "DOMContentLoaded" for "https://www.filestackapi.com/dialog/comm_iframe/"
1511728310913	Marionette	DEBUG	Received DOM event "pageshow" for "https://www.filestackapi.com/dialog/comm_iframe/"
1511728311547	Marionette	DEBUG	Received DOM event "pageshow" for "https://letskodeit.teachable.com/courses"
1511728311560	Marionette	DEBUG	Received DOM event "pageshow" for "https://letskodeit.teachable.com/p/practice"
1511728513932	geckodriver	INFO	geckodriver 0.18.0
1511728513941	geckodriver	INFO	Listening on 127.0.0.1:62087
1511728517145	geckodriver::marionette	INFO	Starting browser /Applications/Firefox.app/Contents/MacOS/firefox-bin with args ["-marionette"]
1511728517540	addons.xpi	WARN	Error parsing extensions state: [Exception... "Component returned failure code: 0x80520012 (NS_ERROR_FILE_NOT_FOUND) [amIAddonManagerStartup.readStartupData]"  nsresult: "0x80520012 (NS_ERROR_FILE_NOT_FOUND)"  location: "JS frame :: resource://gre/modules/addons/XPIProvider.jsm :: loadExtensionState :: line 1596"  data: no] Stack trace: loadExtensionState()@resource://gre/modules/addons/XPIProvider.jsm:1596 < getInstallState()@resource://gre/modules/addons/XPIProvider.jsm:1631 < checkForChanges()@resource://gre/modules/addons/XPIProvider.jsm:3152 < startup()@resource://gre/modules/addons/XPIProvider.jsm:2246 < callProvider()@resource://gre/modules/AddonManager.jsm:271 < _startProvider()@resource://gre/modules/AddonManager.jsm:741 < startup()@resource://gre/modules/AddonManager.jsm:908 < startup()@resource://gre/modules/AddonManager.jsm:3122 < observe()@jar:file:///Applications/Firefox.app/Contents/Resources/omni.ja!/components/addonManager.js:65
1511728517860	Marionette	INFO	Enabled via --marionette
2017-11-26 22:35:19.071 plugin-container[5877:2034748] *** CFMessagePort: bootstrap_register(): failed 1100 (0x44c) 'Permission denied', port = 0xa13b, name = 'com.apple.tsm.portname'
See /usr/include/servers/bootstrap_defs.h for the error codes.
1511728519474	Marionette	INFO	Listening on port 62094
1511728519487	Marionette	WARN	TLS certificate errors will be ignored for this session
JavaScript error: chrome://marionette/content/server.js, line 337: NS_ERROR_SOCKET_ADDRESS_IN_USE: Component returned failure code: 0x804b0036 (NS_ERROR_SOCKET_ADDRESS_IN_USE) [nsIServerSocket.initSpecialConnection]
1511728519526	Marionette	DEBUG	loaded listener.js
1511728519548	Marionette	DEBUG	Received DOM event "beforeunload" for "about:blank"
1511728520448	Marionette	DEBUG	Received DOM event "pagehide" for "about:blank"
1511728520448	Marionette	DEBUG	Received DOM event "unload" for "about:blank"
1511728522272	Marionette	DEBUG	Received DOM event "DOMContentLoaded" for "https://letskodeit.teachable.com/p/practice"
1511728523411	Marionette	DEBUG	Received DOM event "DOMContentLoaded" for "https://letskodeit.teachable.com/courses"
1511728523559	Marionette	DEBUG	Received DOM event "DOMContentLoaded" for "https://dialog.filestackapi.com/dialog/comm_iframe/"
1511728523564	Marionette	DEBUG	Received DOM event "pageshow" for "https://dialog.filestackapi.com/dialog/comm_iframe/"
1511728523565	Marionette	DEBUG	Received DOM event "DOMContentLoaded" for "https://www.filestackapi.com/dialog/comm_iframe/"
1511728523567	Marionette	DEBUG	Received DOM event "pageshow" for "https://www.filestackapi.com/dialog/comm_iframe/"
1511728523589	Marionette	DEBUG	Received DOM event "DOMContentLoaded" for "https://dialog.filestackapi.com/dialog/comm_iframe/"
1511728523591	Marionette	DEBUG	Received DOM event "pageshow" for "https://dialog.filestackapi.com/dialog/comm_iframe/"
1511728523592	Marionette	DEBUG	Received DOM event "DOMContentLoaded" for "https://www.filestackapi.com/dialog/comm_iframe/"
1511728523593	Marionette	DEBUG	Received DOM event "pageshow" for "https://www.filestackapi.com/dialog/comm_iframe/"
1511728524006	Marionette	DEBUG	Received DOM event "pageshow" for "https://letskodeit.teachable.com/courses"
1511728524021	Marionette	DEBUG	Received DOM event "pageshow" for "https://letskodeit.teachable.com/p/practice"
JavaScript error: resource://shield-recipe-client/lib/EventEmitter.jsm, line 30: TypeError: log is undefined
JavaScript error: resource://shield-recipe-client/lib/EventEmitter.jsm, line 30: TypeError: log is undefined
2017-11-26 22:36:35.036 plugin-container[5884:2037222] *** CFMessagePort: bootstrap_register(): failed 1100 (0x44c) 'Permission denied', port = 0xa23b, name = 'com.apple.tsm.portname'
See /usr/include/servers/bootstrap_defs.h for the error codes.
2017-11-26 22:36:40.169 plugin-container[5885:2037289] *** CFMessagePort: bootstrap_register(): failed 1100 (0x44c) 'Permission denied', port = 0x9e3b, name = 'com.apple.tsm.portname'
See /usr/include/servers/bootstrap_defs.h for the error codes.
2017-11-26 22:36:44.694 plugin-container[5886:2037366] *** CFMessagePort: bootstrap_register(): failed 1100 (0x44c) 'Permission denied', port = 0x9e3b, name = 'com.apple.tsm.portname'
See /usr/include/servers/bootstrap_defs.h for the error codes.
JavaScript error: resource://shield-recipe-client/lib/EventEmitter.jsm, line 30: TypeError: log is undefined
JavaScript error: resource://shield-recipe-client/lib/EventEmitter.jsm, line 30: TypeError: log is undefined
1511729191192	geckodriver	INFO	geckodriver 0.18.0
1511729191199	geckodriver	INFO	Listening on 127.0.0.1:62181
1511729194294	geckodriver::marionette	INFO	Starting browser /Applications/Firefox.app/Contents/MacOS/firefox-bin with args ["-marionette"]
1511729194523	addons.xpi	WARN	Error parsing extensions state: [Exception... "Component returned failure code: 0x80520012 (NS_ERROR_FILE_NOT_FOUND) [amIAddonManagerStartup.readStartupData]"  nsresult: "0x80520012 (NS_ERROR_FILE_NOT_FOUND)"  location: "JS frame :: resource://gre/modules/addons/XPIProvider.jsm :: loadExtensionState :: line 1596"  data: no] Stack trace: loadExtensionState()@resource://gre/modules/addons/XPIProvider.jsm:1596 < getInstallState()@resource://gre/modules/addons/XPIProvider.jsm:1631 < checkForChanges()@resource://gre/modules/addons/XPIProvider.jsm:3152 < startup()@resource://gre/modules/addons/XPIProvider.jsm:2246 < callProvider()@resource://gre/modules/AddonManager.jsm:271 < _startProvider()@resource://gre/modules/AddonManager.jsm:741 < startup()@resource://gre/modules/AddonManager.jsm:908 < startup()@resource://gre/modules/AddonManager.jsm:3122 < observe()@jar:file:///Applications/Firefox.app/Contents/Resources/omni.ja!/components/addonManager.js:65
1511729194838	Marionette	INFO	Enabled via --marionette
2017-11-26 22:46:35.846 plugin-container[5933:2045507] *** CFMessagePort: bootstrap_register(): failed 1100 (0x44c) 'Permission denied', port = 0x9e3b, name = 'com.apple.tsm.portname'
See /usr/include/servers/bootstrap_defs.h for the error codes.
1511729196140	Marionette	INFO	Listening on port 62188
JavaScript error: chrome://marionette/content/server.js, line 337: NS_ERROR_SOCKET_ADDRESS_IN_USE: Component returned failure code: 0x804b0036 (NS_ERROR_SOCKET_ADDRESS_IN_USE) [nsIServerSocket.initSpecialConnection]
1511729196550	Marionette	WARN	TLS certificate errors will be ignored for this session
1511729196584	Marionette	DEBUG	loaded listener.js
1511729196598	Marionette	DEBUG	Received DOM event "beforeunload" for "about:blank"
1511729197357	Marionette	DEBUG	Received DOM event "pagehide" for "about:blank"
1511729197357	Marionette	DEBUG	Received DOM event "unload" for "about:blank"
1511729198169	Marionette	DEBUG	Received DOM event "DOMContentLoaded" for "https://letskodeit.teachable.com/p/practice"
1511729199172	Marionette	DEBUG	Received DOM event "DOMContentLoaded" for "https://letskodeit.teachable.com/courses"
1511729199446	Marionette	DEBUG	Received DOM event "DOMContentLoaded" for "https://www.filestackapi.com/dialog/comm_iframe/"
1511729199449	Marionette	DEBUG	Received DOM event "pageshow" for "https://www.filestackapi.com/dialog/comm_iframe/"
1511729199451	Marionette	DEBUG	Received DOM event "DOMContentLoaded" for "https://dialog.filestackapi.com/dialog/comm_iframe/"
1511729199453	Marionette	DEBUG	Received DOM event "pageshow" for "https://dialog.filestackapi.com/dialog/comm_iframe/"
1511729199454	Marionette	DEBUG	Received DOM event "DOMContentLoaded" for "https://dialog.filestackapi.com/dialog/comm_iframe/"
1511729199456	Marionette	DEBUG	Received DOM event "pageshow" for "https://dialog.filestackapi.com/dialog/comm_iframe/"
1511729199456	Marionette	DEBUG	Received DOM event "DOMContentLoaded" for "https://www.filestackapi.com/dialog/comm_iframe/"
1511729199457	Marionette	DEBUG	Received DOM event "pageshow" for "https://www.filestackapi.com/dialog/comm_iframe/"
1511729199526	Marionette	DEBUG	Received DOM event "pageshow" for "https://letskodeit.teachable.com/courses"
1511729199581	Marionette	DEBUG	Received DOM event "DOMContentLoaded" for "https://fast.wistia.com/embed/iframe_shim?domain=com"
1511729199583	Marionette	DEBUG	Received DOM event "pageshow" for "https://fast.wistia.com/embed/iframe_shim?domain=com"
1511729199627	Marionette	DEBUG	Received DOM event "DOMContentLoaded" for "https://fast.wistia.com/embed/iframe_shim?domain=com"
1511729199629	Marionette	DEBUG	Received DOM event "pageshow" for "https://fast.wistia.com/embed/iframe_shim?domain=com"
1511729199676	Marionette	DEBUG	Received DOM event "pageshow" for "https://letskodeit.teachable.com/p/practice"
1511730450582	geckodriver	INFO	geckodriver 0.18.0
1511730450589	geckodriver	INFO	Listening on 127.0.0.1:62312
1511730453688	geckodriver::marionette	INFO	Starting browser /Applications/Firefox.app/Contents/MacOS/firefox-bin with args ["-marionette"]
1511730453952	addons.xpi	WARN	Error parsing extensions state: [Exception... "Component returned failure code: 0x80520012 (NS_ERROR_FILE_NOT_FOUND) [amIAddonManagerStartup.readStartupData]"  nsresult: "0x80520012 (NS_ERROR_FILE_NOT_FOUND)"  location: "JS frame :: resource://gre/modules/addons/XPIProvider.jsm :: loadExtensionState :: line 1596"  data: no] Stack trace: loadExtensionState()@resource://gre/modules/addons/XPIProvider.jsm:1596 < getInstallState()@resource://gre/modules/addons/XPIProvider.jsm:1631 < checkForChanges()@resource://gre/modules/addons/XPIProvider.jsm:3152 < startup()@resource://gre/modules/addons/XPIProvider.jsm:2246 < callProvider()@resource://gre/modules/AddonManager.jsm:271 < _startProvider()@resource://gre/modules/AddonManager.jsm:741 < startup()@resource://gre/modules/AddonManager.jsm:908 < startup()@resource://gre/modules/AddonManager.jsm:3122 < observe()@jar:file:///Applications/Firefox.app/Contents/Resources/omni.ja!/components/addonManager.js:65
1511730454263	Marionette	INFO	Enabled via --marionette
2017-11-26 23:07:35.269 plugin-container[6040:2063225] *** CFMessagePort: bootstrap_register(): failed 1100 (0x44c) 'Permission denied', port = 0xa13b, name = 'com.apple.tsm.portname'
See /usr/include/servers/bootstrap_defs.h for the error codes.
1511730455592	Marionette	INFO	Listening on port 62319
JavaScript error: chrome://marionette/content/server.js, line 337: NS_ERROR_SOCKET_ADDRESS_IN_USE: Component returned failure code: 0x804b0036 (NS_ERROR_SOCKET_ADDRESS_IN_USE) [nsIServerSocket.initSpecialConnection]
1511730455930	Marionette	WARN	TLS certificate errors will be ignored for this session
1511730455964	Marionette	DEBUG	loaded listener.js
1511730455978	Marionette	DEBUG	Received DOM event "beforeunload" for "about:blank"
1511730458662	Marionette	DEBUG	Received DOM event "pagehide" for "about:blank"
1511730458662	Marionette	DEBUG	Received DOM event "unload" for "about:blank"
1511730459472	Marionette	DEBUG	Received DOM event "DOMContentLoaded" for "https://letskodeit.teachable.com/p/practice"
1511730460498	Marionette	DEBUG	Received DOM event "DOMContentLoaded" for "https://letskodeit.teachable.com/courses"
1511730460800	Marionette	DEBUG	Received DOM event "DOMContentLoaded" for "https://www.filestackapi.com/dialog/comm_iframe/"
1511730460806	Marionette	DEBUG	Received DOM event "pageshow" for "https://www.filestackapi.com/dialog/comm_iframe/"
1511730460806	Marionette	DEBUG	Received DOM event "DOMContentLoaded" for "https://www.filestackapi.com/dialog/comm_iframe/"
1511730460808	Marionette	DEBUG	Received DOM event "pageshow" for "https://www.filestackapi.com/dialog/comm_iframe/"
1511730460825	Marionette	DEBUG	Received DOM event "DOMContentLoaded" for "https://dialog.filestackapi.com/dialog/comm_iframe/"
1511730460828	Marionette	DEBUG	Received DOM event "pageshow" for "https://dialog.filestackapi.com/dialog/comm_iframe/"
1511730460828	Marionette	DEBUG	Received DOM event "DOMContentLoaded" for "https://dialog.filestackapi.com/dialog/comm_iframe/"
1511730460829	Marionette	DEBUG	Received DOM event "pageshow" for "https://dialog.filestackapi.com/dialog/comm_iframe/"
1511730461245	Marionette	DEBUG	Received DOM event "pageshow" for "https://letskodeit.teachable.com/courses"
1511730461258	Marionette	DEBUG	Received DOM event "pageshow" for "https://letskodeit.teachable.com/p/practice"
1511730470956	geckodriver	INFO	geckodriver 0.18.0
1511730470960	geckodriver	INFO	Listening on 127.0.0.1:62377
1511730474044	geckodriver::marionette	INFO	Starting browser /Applications/Firefox.app/Contents/MacOS/firefox-bin with args ["-marionette"]
1511730474293	addons.xpi	WARN	Error parsing extensions state: [Exception... "Component returned failure code: 0x80520012 (NS_ERROR_FILE_NOT_FOUND) [amIAddonManagerStartup.readStartupData]"  nsresult: "0x80520012 (NS_ERROR_FILE_NOT_FOUND)"  location: "JS frame :: resource://gre/modules/addons/XPIProvider.jsm :: loadExtensionState :: line 1596"  data: no] Stack trace: loadExtensionState()@resource://gre/modules/addons/XPIProvider.jsm:1596 < getInstallState()@resource://gre/modules/addons/XPIProvider.jsm:1631 < checkForChanges()@resource://gre/modules/addons/XPIProvider.jsm:3152 < startup()@resource://gre/modules/addons/XPIProvider.jsm:2246 < callProvider()@resource://gre/modules/AddonManager.jsm:271 < _startProvider()@resource://gre/modules/AddonManager.jsm:741 < startup()@resource://gre/modules/AddonManager.jsm:908 < startup()@resource://gre/modules/AddonManager.jsm:3122 < observe()@jar:file:///Applications/Firefox.app/Contents/Resources/omni.ja!/components/addonManager.js:65
1511730474606	Marionette	INFO	Enabled via --marionette
2017-11-26 23:07:55.628 plugin-container[6048:2063614] *** CFMessagePort: bootstrap_register(): failed 1100 (0x44c) 'Permission denied', port = 0x9e3b, name = 'com.apple.tsm.portname'
See /usr/include/servers/bootstrap_defs.h for the error codes.
1511730476058	Marionette	INFO	Listening on port 62384
JavaScript error: chrome://marionette/content/server.js, line 337: NS_ERROR_SOCKET_ADDRESS_IN_USE: Component returned failure code: 0x804b0036 (NS_ERROR_SOCKET_ADDRESS_IN_USE) [nsIServerSocket.initSpecialConnection]
1511730476285	Marionette	WARN	TLS certificate errors will be ignored for this session
1511730476320	Marionette	DEBUG	loaded listener.js
1511730476335	Marionette	DEBUG	Received DOM event "beforeunload" for "about:blank"
1511730477050	Marionette	DEBUG	Received DOM event "pagehide" for "about:blank"
1511730477050	Marionette	DEBUG	Received DOM event "unload" for "about:blank"
1511730477771	Marionette	DEBUG	Received DOM event "DOMContentLoaded" for "https://letskodeit.teachable.com/p/practice"
1511730478723	Marionette	DEBUG	Received DOM event "DOMContentLoaded" for "https://dialog.filestackapi.com/dialog/comm_iframe/"
1511730478725	Marionette	DEBUG	Received DOM event "pageshow" for "https://dialog.filestackapi.com/dialog/comm_iframe/"
1511730478726	Marionette	DEBUG	Received DOM event "DOMContentLoaded" for "https://www.filestackapi.com/dialog/comm_iframe/"
1511730478728	Marionette	DEBUG	Received DOM event "pageshow" for "https://www.filestackapi.com/dialog/comm_iframe/"
1511730479242	Marionette	DEBUG	Received DOM event "DOMContentLoaded" for "https://letskodeit.teachable.com/courses"
1511730479423	Marionette	DEBUG	Received DOM event "DOMContentLoaded" for "https://dialog.filestackapi.com/dialog/comm_iframe/"
1511730479425	Marionette	DEBUG	Received DOM event "pageshow" for "https://dialog.filestackapi.com/dialog/comm_iframe/"
1511730479425	Marionette	DEBUG	Received DOM event "DOMContentLoaded" for "https://www.filestackapi.com/dialog/comm_iframe/"
1511730479427	Marionette	DEBUG	Received DOM event "pageshow" for "https://www.filestackapi.com/dialog/comm_iframe/"
1511730479543	Marionette	DEBUG	Received DOM event "pageshow" for "https://letskodeit.teachable.com/courses"
1511730479555	Marionette	DEBUG	Received DOM event "pageshow" for "https://letskodeit.teachable.com/p/practice"
1511730540338	geckodriver	INFO	geckodriver 0.18.0
1511730540344	geckodriver	INFO	Listening on 127.0.0.1:62449
1511730543431	geckodriver::marionette	INFO	Starting browser /Applications/Firefox.app/Contents/MacOS/firefox-bin with args ["-marionette"]
1511730543670	addons.xpi	WARN	Error parsing extensions state: [Exception... "Component returned failure code: 0x80520012 (NS_ERROR_FILE_NOT_FOUND) [amIAddonManagerStartup.readStartupData]"  nsresult: "0x80520012 (NS_ERROR_FILE_NOT_FOUND)"  location: "JS frame :: resource://gre/modules/addons/XPIProvider.jsm :: loadExtensionState :: line 1596"  data: no] Stack trace: loadExtensionState()@resource://gre/modules/addons/XPIProvider.jsm:1596 < getInstallState()@resource://gre/modules/addons/XPIProvider.jsm:1631 < checkForChanges()@resource://gre/modules/addons/XPIProvider.jsm:3152 < startup()@resource://gre/modules/addons/XPIProvider.jsm:2246 < callProvider()@resource://gre/modules/AddonManager.jsm:271 < _startProvider()@resource://gre/modules/AddonManager.jsm:741 < startup()@resource://gre/modules/AddonManager.jsm:908 < startup()@resource://gre/modules/AddonManager.jsm:3122 < observe()@jar:file:///Applications/Firefox.app/Contents/Resources/omni.ja!/components/addonManager.js:65
1511730543983	Marionette	INFO	Enabled via --marionette
2017-11-26 23:09:05.099 plugin-container[6060:2064642] *** CFMessagePort: bootstrap_register(): failed 1100 (0x44c) 'Permission denied', port = 0x9e3b, name = 'com.apple.tsm.portname'
See /usr/include/servers/bootstrap_defs.h for the error codes.
1511730545421	Marionette	INFO	Listening on port 62457
JavaScript error: chrome://marionette/content/server.js, line 337: NS_ERROR_SOCKET_ADDRESS_IN_USE: Component returned failure code: 0x804b0036 (NS_ERROR_SOCKET_ADDRESS_IN_USE) [nsIServerSocket.initSpecialConnection]
1511730545673	Marionette	WARN	TLS certificate errors will be ignored for this session
1511730545714	Marionette	DEBUG	loaded listener.js
1511730545730	Marionette	DEBUG	Received DOM event "beforeunload" for "about:blank"
1511730546598	Marionette	DEBUG	Received DOM event "pagehide" for "about:blank"
1511730546598	Marionette	DEBUG	Received DOM event "unload" for "about:blank"
1511730547380	Marionette	DEBUG	Received DOM event "DOMContentLoaded" for "https://letskodeit.teachable.com/p/practice"
1511730548643	Marionette	DEBUG	Received DOM event "DOMContentLoaded" for "https://letskodeit.teachable.com/courses"
1511730548753	Marionette	DEBUG	Received DOM event "DOMContentLoaded" for "https://dialog.filestackapi.com/dialog/comm_iframe/"
1511730548756	Marionette	DEBUG	Received DOM event "pageshow" for "https://dialog.filestackapi.com/dialog/comm_iframe/"
1511730548765	Marionette	DEBUG	Received DOM event "DOMContentLoaded" for "https://www.filestackapi.com/dialog/comm_iframe/"
1511730548767	Marionette	DEBUG	Received DOM event "pageshow" for "https://www.filestackapi.com/dialog/comm_iframe/"
1511730548773	Marionette	DEBUG	Received DOM event "DOMContentLoaded" for "https://dialog.filestackapi.com/dialog/comm_iframe/"
1511730548780	Marionette	DEBUG	Received DOM event "pageshow" for "https://dialog.filestackapi.com/dialog/comm_iframe/"
1511730548781	Marionette	DEBUG	Received DOM event "DOMContentLoaded" for "https://www.filestackapi.com/dialog/comm_iframe/"
1511730548782	Marionette	DEBUG	Received DOM event "pageshow" for "https://www.filestackapi.com/dialog/comm_iframe/"
1511730549118	Marionette	DEBUG	Received DOM event "pageshow" for "https://letskodeit.teachable.com/courses"
1511730549144	Marionette	DEBUG	Received DOM event "pageshow" for "https://letskodeit.teachable.com/p/practice"
1511730659269	geckodriver	INFO	geckodriver 0.18.0
1511730659277	geckodriver	INFO	Listening on 127.0.0.1:62521
1511730662380	geckodriver::marionette	INFO	Starting browser /Applications/Firefox.app/Contents/MacOS/firefox-bin with args ["-marionette"]
1511730662648	addons.xpi	WARN	Error parsing extensions state: [Exception... "Component returned failure code: 0x80520012 (NS_ERROR_FILE_NOT_FOUND) [amIAddonManagerStartup.readStartupData]"  nsresult: "0x80520012 (NS_ERROR_FILE_NOT_FOUND)"  location: "JS frame :: resource://gre/modules/addons/XPIProvider.jsm :: loadExtensionState :: line 1596"  data: no] Stack trace: loadExtensionState()@resource://gre/modules/addons/XPIProvider.jsm:1596 < getInstallState()@resource://gre/modules/addons/XPIProvider.jsm:1631 < checkForChanges()@resource://gre/modules/addons/XPIProvider.jsm:3152 < startup()@resource://gre/modules/addons/XPIProvider.jsm:2246 < callProvider()@resource://gre/modules/AddonManager.jsm:271 < _startProvider()@resource://gre/modules/AddonManager.jsm:741 < startup()@resource://gre/modules/AddonManager.jsm:908 < startup()@resource://gre/modules/AddonManager.jsm:3122 < observe()@jar:file:///Applications/Firefox.app/Contents/Resources/omni.ja!/components/addonManager.js:65
1511730662961	Marionette	INFO	Enabled via --marionette
2017-11-26 23:11:04.026 plugin-container[6079:2066118] *** CFMessagePort: bootstrap_register(): failed 1100 (0x44c) 'Permission denied', port = 0x9f3b, name = 'com.apple.tsm.portname'
See /usr/include/servers/bootstrap_defs.h for the error codes.
1511730664368	Marionette	INFO	Listening on port 62528
JavaScript error: chrome://marionette/content/server.js, line 337: NS_ERROR_SOCKET_ADDRESS_IN_USE: Component returned failure code: 0x804b0036 (NS_ERROR_SOCKET_ADDRESS_IN_USE) [nsIServerSocket.initSpecialConnection]
1511730664621	Marionette	WARN	TLS certificate errors will be ignored for this session
1511730664657	Marionette	DEBUG	loaded listener.js
1511730664675	Marionette	DEBUG	Received DOM event "beforeunload" for "about:blank"
1511730665773	Marionette	DEBUG	Received DOM event "pagehide" for "about:blank"
1511730665773	Marionette	DEBUG	Received DOM event "unload" for "about:blank"
1511730666771	Marionette	DEBUG	Received DOM event "DOMContentLoaded" for "https://letskodeit.teachable.com/p/practice"
1511730667686	Marionette	DEBUG	Received DOM event "DOMContentLoaded" for "https://dialog.filestackapi.com/dialog/comm_iframe/"
1511730667693	Marionette	DEBUG	Received DOM event "pageshow" for "https://dialog.filestackapi.com/dialog/comm_iframe/"
1511730668016	Marionette	DEBUG	Received DOM event "DOMContentLoaded" for "https://www.filestackapi.com/dialog/comm_iframe/"
1511730668020	Marionette	DEBUG	Received DOM event "pageshow" for "https://www.filestackapi.com/dialog/comm_iframe/"
1511730669435	Marionette	DEBUG	Received DOM event "DOMContentLoaded" for "https://letskodeit.teachable.com/courses"
1511730669614	Marionette	DEBUG	Received DOM event "DOMContentLoaded" for "https://dialog.filestackapi.com/dialog/comm_iframe/"
1511730669616	Marionette	DEBUG	Received DOM event "pageshow" for "https://dialog.filestackapi.com/dialog/comm_iframe/"
1511730669617	Marionette	DEBUG	Received DOM event "DOMContentLoaded" for "https://www.filestackapi.com/dialog/comm_iframe/"
1511730669618	Marionette	DEBUG	Received DOM event "pageshow" for "https://www.filestackapi.com/dialog/comm_iframe/"
1511730669741	Marionette	DEBUG	Received DOM event "pageshow" for "https://letskodeit.teachable.com/courses"
1511730669753	Marionette	DEBUG	Received DOM event "pageshow" for "https://letskodeit.teachable.com/p/practice"
JavaScript error: resource://shield-recipe-client/lib/EventEmitter.jsm, line 30: TypeError: log is undefined
JavaScript error: resource://shield-recipe-client/lib/EventEmitter.jsm, line 30: TypeError: log is undefined
JavaScript error: resource://shield-recipe-client/lib/EventEmitter.jsm, line 30: TypeError: log is undefined
JavaScript error: resource://shield-recipe-client/lib/EventEmitter.jsm, line 30: TypeError: log is undefined
