1516565041999	geckodriver	INFO	geckodriver 0.18.0
1516565042008	geckodriver	INFO	Listening on 127.0.0.1:49728
1516565043107	geckodriver::marionette	INFO	Starting browser /Applications/Firefox.app/Contents/MacOS/firefox-bin with args ["-marionette"]
1516565043403	addons.xpi	WARN	Error parsing extensions state: [Exception... "Component returned failure code: 0x80520012 (NS_ERROR_FILE_NOT_FOUND) [amIAddonManagerStartup.readStartupData]"  nsresult: "0x80520012 (NS_ERROR_FILE_NOT_FOUND)"  location: "JS frame :: resource://gre/modules/addons/XPIProvider.jsm :: loadExtensionState :: line 1596"  data: no] Stack trace: loadExtensionState()@resource://gre/modules/addons/XPIProvider.jsm:1596 < getInstallState()@resource://gre/modules/addons/XPIProvider.jsm:1631 < checkForChanges()@resource://gre/modules/addons/XPIProvider.jsm:3152 < startup()@resource://gre/modules/addons/XPIProvider.jsm:2246 < callProvider()@resource://gre/modules/AddonManager.jsm:271 < _startProvider()@resource://gre/modules/AddonManager.jsm:741 < startup()@resource://gre/modules/AddonManager.jsm:908 < startup()@resource://gre/modules/AddonManager.jsm:3122 < observe()@jar:file:///Applications/Firefox.app/Contents/Resources/omni.ja!/components/addonManager.js:65
1516565043762	Marionette	INFO	Enabled via --marionette
2018-01-21 22:04:05.018 plugin-container[824:26532] *** CFMessagePort: bootstrap_register(): failed 1100 (0x44c) 'Permission denied', port = 0x7b3b, name = 'com.apple.tsm.portname'
See /usr/include/servers/bootstrap_defs.h for the error codes.
1516565045462	Marionette	INFO	Listening on port 49737
JavaScript error: chrome://marionette/content/server.js, line 337: NS_ERROR_SOCKET_ADDRESS_IN_USE: Component returned failure code: 0x804b0036 (NS_ERROR_SOCKET_ADDRESS_IN_USE) [nsIServerSocket.initSpecialConnection]
1516565045532	Marionette	WARN	TLS certificate errors will be ignored for this session
1516565045569	Marionette	DEBUG	loaded listener.js
1516565045976	Marionette	DEBUG	Received DOM event "beforeunload" for "about:blank"
1516565048037	Marionette	DEBUG	Received DOM event "pagehide" for "about:blank"
1516565048037	Marionette	DEBUG	Received DOM event "unload" for "about:blank"
1516565049074	Marionette	DEBUG	Received DOM event "DOMContentLoaded" for "https://letskodeit.teachable.com/p/practice"
1516565050035	Marionette	DEBUG	Received DOM event "DOMContentLoaded" for "https://www.filestackapi.com/dialog/comm_iframe/"
1516565050039	Marionette	DEBUG	Received DOM event "pageshow" for "https://www.filestackapi.com/dialog/comm_iframe/"
1516565050049	Marionette	DEBUG	Received DOM event "DOMContentLoaded" for "https://dialog.filestackapi.com/dialog/comm_iframe/"
1516565050050	Marionette	DEBUG	Received DOM event "pageshow" for "https://dialog.filestackapi.com/dialog/comm_iframe/"
1516565050402	Marionette	DEBUG	Received DOM event "DOMContentLoaded" for "https://letskodeit.teachable.com/courses"
1516565050613	Marionette	DEBUG	Received DOM event "DOMContentLoaded" for "https://dialog.filestackapi.com/dialog/comm_iframe/"
1516565050615	Marionette	DEBUG	Received DOM event "pageshow" for "https://dialog.filestackapi.com/dialog/comm_iframe/"
1516565050616	Marionette	DEBUG	Received DOM event "DOMContentLoaded" for "https://www.filestackapi.com/dialog/comm_iframe/"
1516565050617	Marionette	DEBUG	Received DOM event "pageshow" for "https://www.filestackapi.com/dialog/comm_iframe/"
1516565050807	Marionette	DEBUG	Received DOM event "pageshow" for "https://letskodeit.teachable.com/courses"
1516565050822	Marionette	DEBUG	Received DOM event "pageshow" for "https://letskodeit.teachable.com/p/practice"
1516565053225	Marionette	DEBUG	Received DOM event "hashchange" for "https://letskodeit.teachable.com/p/practice#top"
1516565053250	Marionette	INFO	New connections will no longer be accepted
1516565119804	geckodriver	INFO	geckodriver 0.18.0
1516565119810	geckodriver	INFO	Listening on 127.0.0.1:49849
1516565120882	geckodriver::marionette	INFO	Starting browser /Applications/Firefox.app/Contents/MacOS/firefox-bin with args ["-marionette"]
1516565121128	addons.xpi	WARN	Error parsing extensions state: [Exception... "Component returned failure code: 0x80520012 (NS_ERROR_FILE_NOT_FOUND) [amIAddonManagerStartup.readStartupData]"  nsresult: "0x80520012 (NS_ERROR_FILE_NOT_FOUND)"  location: "JS frame :: resource://gre/modules/addons/XPIProvider.jsm :: loadExtensionState :: line 1596"  data: no] Stack trace: loadExtensionState()@resource://gre/modules/addons/XPIProvider.jsm:1596 < getInstallState()@resource://gre/modules/addons/XPIProvider.jsm:1631 < checkForChanges()@resource://gre/modules/addons/XPIProvider.jsm:3152 < startup()@resource://gre/modules/addons/XPIProvider.jsm:2246 < callProvider()@resource://gre/modules/AddonManager.jsm:271 < _startProvider()@resource://gre/modules/AddonManager.jsm:741 < startup()@resource://gre/modules/AddonManager.jsm:908 < startup()@resource://gre/modules/AddonManager.jsm:3122 < observe()@jar:file:///Applications/Firefox.app/Contents/Resources/omni.ja!/components/addonManager.js:65
1516565121451	Marionette	INFO	Enabled via --marionette
2018-01-21 22:05:22.521 plugin-container[847:28087] *** CFMessagePort: bootstrap_register(): failed 1100 (0x44c) 'Permission denied', port = 0x8037, name = 'com.apple.tsm.portname'
See /usr/include/servers/bootstrap_defs.h for the error codes.
1516565122835	Marionette	INFO	Listening on port 49858
JavaScript error: chrome://marionette/content/server.js, line 337: NS_ERROR_SOCKET_ADDRESS_IN_USE: Component returned failure code: 0x804b0036 (NS_ERROR_SOCKET_ADDRESS_IN_USE) [nsIServerSocket.initSpecialConnection]
1516565122864	Marionette	WARN	TLS certificate errors will be ignored for this session
1516565122897	Marionette	DEBUG	loaded listener.js
1516565122965	Marionette	DEBUG	Received DOM event "beforeunload" for "about:blank"
1516565124274	Marionette	DEBUG	Received DOM event "pagehide" for "about:blank"
1516565124274	Marionette	DEBUG	Received DOM event "unload" for "about:blank"
1516565125332	Marionette	DEBUG	Received DOM event "DOMContentLoaded" for "https://letskodeit.teachable.com/p/practice"
1516565126662	Marionette	DEBUG	Received DOM event "DOMContentLoaded" for "https://letskodeit.teachable.com/courses"
1516565127056	Marionette	DEBUG	Received DOM event "DOMContentLoaded" for "https://dialog.filestackapi.com/dialog/comm_iframe/"
1516565127060	Marionette	DEBUG	Received DOM event "pageshow" for "https://dialog.filestackapi.com/dialog/comm_iframe/"
1516565127060	Marionette	DEBUG	Received DOM event "DOMContentLoaded" for "https://www.filestackapi.com/dialog/comm_iframe/"
1516565127062	Marionette	DEBUG	Received DOM event "pageshow" for "https://www.filestackapi.com/dialog/comm_iframe/"
1516565127077	Marionette	DEBUG	Received DOM event "DOMContentLoaded" for "https://dialog.filestackapi.com/dialog/comm_iframe/"
1516565127079	Marionette	DEBUG	Received DOM event "pageshow" for "https://dialog.filestackapi.com/dialog/comm_iframe/"
1516565127080	Marionette	DEBUG	Received DOM event "DOMContentLoaded" for "https://www.filestackapi.com/dialog/comm_iframe/"
1516565127081	Marionette	DEBUG	Received DOM event "pageshow" for "https://www.filestackapi.com/dialog/comm_iframe/"
1516565127280	Marionette	DEBUG	Received DOM event "pageshow" for "https://letskodeit.teachable.com/courses"
1516565127306	Marionette	DEBUG	Received DOM event "pageshow" for "https://letskodeit.teachable.com/p/practice"
1516565131701	Marionette	DEBUG	Received DOM event "hashchange" for "https://letskodeit.teachable.com/p/practice#top"
1516565133726	Marionette	INFO	New connections will no longer be accepted
1516566509793	geckodriver	INFO	geckodriver 0.18.0
1516566509805	geckodriver	INFO	Listening on 127.0.0.1:50106
1516566510891	geckodriver::marionette	INFO	Starting browser /Applications/Firefox.app/Contents/MacOS/firefox-bin with args ["-marionette"]
1516566511175	addons.xpi	WARN	Error parsing extensions state: [Exception... "Component returned failure code: 0x80520012 (NS_ERROR_FILE_NOT_FOUND) [amIAddonManagerStartup.readStartupData]"  nsresult: "0x80520012 (NS_ERROR_FILE_NOT_FOUND)"  location: "JS frame :: resource://gre/modules/addons/XPIProvider.jsm :: loadExtensionState :: line 1596"  data: no] Stack trace: loadExtensionState()@resource://gre/modules/addons/XPIProvider.jsm:1596 < getInstallState()@resource://gre/modules/addons/XPIProvider.jsm:1631 < checkForChanges()@resource://gre/modules/addons/XPIProvider.jsm:3152 < startup()@resource://gre/modules/addons/XPIProvider.jsm:2246 < callProvider()@resource://gre/modules/AddonManager.jsm:271 < _startProvider()@resource://gre/modules/AddonManager.jsm:741 < startup()@resource://gre/modules/AddonManager.jsm:908 < startup()@resource://gre/modules/AddonManager.jsm:3122 < observe()@jar:file:///Applications/Firefox.app/Contents/Resources/omni.ja!/components/addonManager.js:65
1516566511527	Marionette	INFO	Enabled via --marionette
2018-01-21 22:28:32.595 plugin-container[1040:43257] *** CFMessagePort: bootstrap_register(): failed 1100 (0x44c) 'Permission denied', port = 0x8237, name = 'com.apple.tsm.portname'
See /usr/include/servers/bootstrap_defs.h for the error codes.
1516566513009	Marionette	INFO	Listening on port 50115
1516566513253	Marionette	WARN	TLS certificate errors will be ignored for this session
JavaScript error: chrome://marionette/content/server.js, line 337: NS_ERROR_SOCKET_ADDRESS_IN_USE: Component returned failure code: 0x804b0036 (NS_ERROR_SOCKET_ADDRESS_IN_USE) [nsIServerSocket.initSpecialConnection]
1516566513317	Marionette	DEBUG	loaded listener.js
1516566513761	Marionette	DEBUG	Received DOM event "beforeunload" for "about:blank"
1516566514577	Marionette	DEBUG	Received DOM event "pagehide" for "about:blank"
1516566514577	Marionette	DEBUG	Received DOM event "unload" for "about:blank"
1516566515178	Marionette	DEBUG	Received DOM event "DOMContentLoaded" for "https://jqueryui.com/droppable/"
1516566515897	Marionette	DEBUG	Received DOM event "DOMContentLoaded" for "https://jqueryui.com/resources/demos/droppable/default.html"
1516566515899	Marionette	DEBUG	Received DOM event "pageshow" for "https://jqueryui.com/resources/demos/droppable/default.html"
1516566516073	Marionette	DEBUG	Received DOM event "pageshow" for "https://jqueryui.com/droppable/"
1516566519990	Marionette	INFO	New connections will no longer be accepted
[GFX1-]: Receive IPC close with reason=AbnormalShutdown
1516566588094	geckodriver	INFO	geckodriver 0.18.0
1516566588099	geckodriver	INFO	Listening on 127.0.0.1:50206
1516566588173	geckodriver::marionette	INFO	Starting browser /Applications/Firefox.app/Contents/MacOS/firefox-bin with args ["-marionette"]
1516566588455	addons.xpi	WARN	Error parsing extensions state: [Exception... "Component returned failure code: 0x80520012 (NS_ERROR_FILE_NOT_FOUND) [amIAddonManagerStartup.readStartupData]"  nsresult: "0x80520012 (NS_ERROR_FILE_NOT_FOUND)"  location: "JS frame :: resource://gre/modules/addons/XPIProvider.jsm :: loadExtensionState :: line 1596"  data: no] Stack trace: loadExtensionState()@resource://gre/modules/addons/XPIProvider.jsm:1596 < getInstallState()@resource://gre/modules/addons/XPIProvider.jsm:1631 < checkForChanges()@resource://gre/modules/addons/XPIProvider.jsm:3152 < startup()@resource://gre/modules/addons/XPIProvider.jsm:2246 < callProvider()@resource://gre/modules/AddonManager.jsm:271 < _startProvider()@resource://gre/modules/AddonManager.jsm:741 < startup()@resource://gre/modules/AddonManager.jsm:908 < startup()@resource://gre/modules/AddonManager.jsm:3122 < observe()@jar:file:///Applications/Firefox.app/Contents/Resources/omni.ja!/components/addonManager.js:65
1516566588797	Marionette	INFO	Enabled via --marionette
2018-01-21 22:29:49.846 plugin-container[1064:44657] *** CFMessagePort: bootstrap_register(): failed 1100 (0x44c) 'Permission denied', port = 0x7937, name = 'com.apple.tsm.portname'
See /usr/include/servers/bootstrap_defs.h for the error codes.
1516566590144	Marionette	INFO	Listening on port 50213
1516566590164	Marionette	WARN	TLS certificate errors will be ignored for this session
JavaScript error: chrome://marionette/content/server.js, line 337: NS_ERROR_SOCKET_ADDRESS_IN_USE: Component returned failure code: 0x804b0036 (NS_ERROR_SOCKET_ADDRESS_IN_USE) [nsIServerSocket.initSpecialConnection]
1516566590199	Marionette	DEBUG	loaded listener.js
1516566590273	Marionette	DEBUG	Received DOM event "beforeunload" for "about:blank"
1516566590861	Marionette	DEBUG	Received DOM event "pagehide" for "about:blank"
1516566590862	Marionette	DEBUG	Received DOM event "unload" for "about:blank"
1516566591441	Marionette	DEBUG	Received DOM event "DOMContentLoaded" for "https://jqueryui.com/droppable/"
1516566592100	Marionette	DEBUG	Received DOM event "DOMContentLoaded" for "https://jqueryui.com/resources/demos/droppable/default.html"
1516566592102	Marionette	DEBUG	Received DOM event "pageshow" for "https://jqueryui.com/resources/demos/droppable/default.html"
1516566592476	Marionette	DEBUG	Received DOM event "pageshow" for "https://jqueryui.com/droppable/"
1516566596541	Marionette	INFO	New connections will no longer be accepted
1516566682328	geckodriver	INFO	geckodriver 0.18.0
1516566682333	geckodriver	INFO	Listening on 127.0.0.1:50297
1516566683404	geckodriver::marionette	INFO	Starting browser /Applications/Firefox.app/Contents/MacOS/firefox-bin with args ["-marionette"]
1516566683635	addons.xpi	WARN	Error parsing extensions state: [Exception... "Component returned failure code: 0x80520012 (NS_ERROR_FILE_NOT_FOUND) [amIAddonManagerStartup.readStartupData]"  nsresult: "0x80520012 (NS_ERROR_FILE_NOT_FOUND)"  location: "JS frame :: resource://gre/modules/addons/XPIProvider.jsm :: loadExtensionState :: line 1596"  data: no] Stack trace: loadExtensionState()@resource://gre/modules/addons/XPIProvider.jsm:1596 < getInstallState()@resource://gre/modules/addons/XPIProvider.jsm:1631 < checkForChanges()@resource://gre/modules/addons/XPIProvider.jsm:3152 < startup()@resource://gre/modules/addons/XPIProvider.jsm:2246 < callProvider()@resource://gre/modules/AddonManager.jsm:271 < _startProvider()@resource://gre/modules/AddonManager.jsm:741 < startup()@resource://gre/modules/AddonManager.jsm:908 < startup()@resource://gre/modules/AddonManager.jsm:3122 < observe()@jar:file:///Applications/Firefox.app/Contents/Resources/omni.ja!/components/addonManager.js:65
1516566683940	Marionette	INFO	Enabled via --marionette
2018-01-21 22:31:24.938 plugin-container[1093:46207] *** CFMessagePort: bootstrap_register(): failed 1100 (0x44c) 'Permission denied', port = 0x843b, name = 'com.apple.tsm.portname'
See /usr/include/servers/bootstrap_defs.h for the error codes.
1516566685235	Marionette	INFO	Listening on port 50306
JavaScript error: chrome://marionette/content/server.js, line 337: NS_ERROR_SOCKET_ADDRESS_IN_USE: Component returned failure code: 0x804b0036 (NS_ERROR_SOCKET_ADDRESS_IN_USE) [nsIServerSocket.initSpecialConnection]
1516566685285	Marionette	WARN	TLS certificate errors will be ignored for this session
1516566685319	Marionette	DEBUG	loaded listener.js
1516566685387	Marionette	DEBUG	Received DOM event "beforeunload" for "about:blank"
1516566685941	Marionette	DEBUG	Received DOM event "pagehide" for "about:blank"
1516566685942	Marionette	DEBUG	Received DOM event "unload" for "about:blank"
1516566686447	Marionette	DEBUG	Received DOM event "DOMContentLoaded" for "https://jqueryui.com/droppable/"
1516566687237	Marionette	DEBUG	Received DOM event "DOMContentLoaded" for "https://jqueryui.com/resources/demos/droppable/default.html"
1516566687239	Marionette	DEBUG	Received DOM event "pageshow" for "https://jqueryui.com/resources/demos/droppable/default.html"
1516566687303	Marionette	DEBUG	Received DOM event "pageshow" for "https://jqueryui.com/droppable/"
1516566690668	Marionette	INFO	New connections will no longer be accepted
JavaScript error: resource://shield-recipe-client/lib/EventEmitter.jsm, line 30: TypeError: log is undefined
JavaScript error: resource://shield-recipe-client/lib/EventEmitter.jsm, line 30: TypeError: log is undefined
1516566702082	geckodriver	INFO	geckodriver 0.18.0
1516566702087	geckodriver	INFO	Listening on 127.0.0.1:50389
1516566703172	geckodriver::marionette	INFO	Starting browser /Applications/Firefox.app/Contents/MacOS/firefox-bin with args ["-marionette"]
1516566703423	addons.xpi	WARN	Error parsing extensions state: [Exception... "Component returned failure code: 0x80520012 (NS_ERROR_FILE_NOT_FOUND) [amIAddonManagerStartup.readStartupData]"  nsresult: "0x80520012 (NS_ERROR_FILE_NOT_FOUND)"  location: "JS frame :: resource://gre/modules/addons/XPIProvider.jsm :: loadExtensionState :: line 1596"  data: no] Stack trace: loadExtensionState()@resource://gre/modules/addons/XPIProvider.jsm:1596 < getInstallState()@resource://gre/modules/addons/XPIProvider.jsm:1631 < checkForChanges()@resource://gre/modules/addons/XPIProvider.jsm:3152 < startup()@resource://gre/modules/addons/XPIProvider.jsm:2246 < callProvider()@resource://gre/modules/AddonManager.jsm:271 < _startProvider()@resource://gre/modules/AddonManager.jsm:741 < startup()@resource://gre/modules/AddonManager.jsm:908 < startup()@resource://gre/modules/AddonManager.jsm:3122 < observe()@jar:file:///Applications/Firefox.app/Contents/Resources/omni.ja!/components/addonManager.js:65
1516566703735	Marionette	INFO	Enabled via --marionette
2018-01-21 22:31:44.861 plugin-container[1100:46975] *** CFMessagePort: bootstrap_register(): failed 1100 (0x44c) 'Permission denied', port = 0x7737, name = 'com.apple.tsm.portname'
See /usr/include/servers/bootstrap_defs.h for the error codes.
1516566705196	Marionette	INFO	Listening on port 50398
JavaScript error: chrome://marionette/content/server.js, line 337: NS_ERROR_SOCKET_ADDRESS_IN_USE: Component returned failure code: 0x804b0036 (NS_ERROR_SOCKET_ADDRESS_IN_USE) [nsIServerSocket.initSpecialConnection]
1516566705279	Marionette	WARN	TLS certificate errors will be ignored for this session
1516566705314	Marionette	DEBUG	loaded listener.js
1516566705672	Marionette	DEBUG	Received DOM event "beforeunload" for "about:blank"
1516566706173	Marionette	DEBUG	Received DOM event "pagehide" for "about:blank"
1516566706174	Marionette	DEBUG	Received DOM event "unload" for "about:blank"
1516566706710	Marionette	DEBUG	Received DOM event "DOMContentLoaded" for "https://jqueryui.com/droppable/"
1516566707437	Marionette	DEBUG	Received DOM event "DOMContentLoaded" for "https://jqueryui.com/resources/demos/droppable/default.html"
1516566707438	Marionette	DEBUG	Received DOM event "pageshow" for "https://jqueryui.com/resources/demos/droppable/default.html"
1516566707545	Marionette	DEBUG	Received DOM event "pageshow" for "https://jqueryui.com/droppable/"
1516566710969	Marionette	INFO	New connections will no longer be accepted
JavaScript error: resource://shield-recipe-client/lib/EventEmitter.jsm, line 30: TypeError: log is undefined
JavaScript error: resource://shield-recipe-client/lib/EventEmitter.jsm, line 30: TypeError: log is undefined
1516567607617	geckodriver	INFO	geckodriver 0.18.0
1516567607622	geckodriver	INFO	Listening on 127.0.0.1:50545
1516567608696	geckodriver::marionette	INFO	Starting browser /Applications/Firefox.app/Contents/MacOS/firefox-bin with args ["-marionette"]
1516567608937	addons.xpi	WARN	Error parsing extensions state: [Exception... "Component returned failure code: 0x80520012 (NS_ERROR_FILE_NOT_FOUND) [amIAddonManagerStartup.readStartupData]"  nsresult: "0x80520012 (NS_ERROR_FILE_NOT_FOUND)"  location: "JS frame :: resource://gre/modules/addons/XPIProvider.jsm :: loadExtensionState :: line 1596"  data: no] Stack trace: loadExtensionState()@resource://gre/modules/addons/XPIProvider.jsm:1596 < getInstallState()@resource://gre/modules/addons/XPIProvider.jsm:1631 < checkForChanges()@resource://gre/modules/addons/XPIProvider.jsm:3152 < startup()@resource://gre/modules/addons/XPIProvider.jsm:2246 < callProvider()@resource://gre/modules/AddonManager.jsm:271 < _startProvider()@resource://gre/modules/AddonManager.jsm:741 < startup()@resource://gre/modules/AddonManager.jsm:908 < startup()@resource://gre/modules/AddonManager.jsm:3122 < observe()@jar:file:///Applications/Firefox.app/Contents/Resources/omni.ja!/components/addonManager.js:65
1516567609253	Marionette	INFO	Enabled via --marionette
2018-01-21 22:46:50.469 plugin-container[1191:58444] *** CFMessagePort: bootstrap_register(): failed 1100 (0x44c) 'Permission denied', port = 0x823b, name = 'com.apple.tsm.portname'
See /usr/include/servers/bootstrap_defs.h for the error codes.
1516567610659	Marionette	INFO	Listening on port 50554
1516567610679	Marionette	WARN	TLS certificate errors will be ignored for this session
JavaScript error: chrome://marionette/content/server.js, line 337: NS_ERROR_SOCKET_ADDRESS_IN_USE: Component returned failure code: 0x804b0036 (NS_ERROR_SOCKET_ADDRESS_IN_USE) [nsIServerSocket.initSpecialConnection]
1516567610718	Marionette	DEBUG	loaded listener.js
1516567611031	Marionette	DEBUG	Received DOM event "beforeunload" for "about:blank"
1516567611812	Marionette	DEBUG	Received DOM event "pagehide" for "about:blank"
1516567611812	Marionette	DEBUG	Received DOM event "unload" for "about:blank"
1516567612507	Marionette	DEBUG	Received DOM event "DOMContentLoaded" for "https://jqueryui.com/slider/"
1516567613162	Marionette	DEBUG	Received DOM event "DOMContentLoaded" for "https://jqueryui.com/resources/demos/slider/default.html"
1516567613164	Marionette	DEBUG	Received DOM event "pageshow" for "https://jqueryui.com/resources/demos/slider/default.html"
1516567613472	Marionette	DEBUG	Received DOM event "pageshow" for "https://jqueryui.com/slider/"
1516567617389	Marionette	INFO	New connections will no longer be accepted
